2015-02-02 23:21:59+0800 [scrapy] INFO: Scrapy 0.24.4 started (bot: textprase)
2015-02-02 23:21:59+0800 [scrapy] INFO: Optional features available: ssl, http11
2015-02-02 23:21:59+0800 [scrapy] INFO: Overridden settings: {'NEWSPIDER_MODULE': 'textprase.spiders', 'SPIDER_MODULES': ['textprase.spiders'], 'LOG_FILE': 'sina.log', 'BOT_NAME': 'textprase'}
2015-02-02 23:21:59+0800 [scrapy] INFO: Enabled extensions: LogStats, TelnetConsole, CloseSpider, WebService, CoreStats, SpiderState
2015-02-02 23:21:59+0800 [scrapy] INFO: Enabled downloader middlewares: HttpAuthMiddleware, DownloadTimeoutMiddleware, UserAgentMiddleware, RetryMiddleware, DefaultHeadersMiddleware, MetaRefreshMiddleware, HttpCompressionMiddleware, RedirectMiddleware, CookiesMiddleware, ChunkedTransferMiddleware, DownloaderStats
2015-02-02 23:21:59+0800 [scrapy] INFO: Enabled spider middlewares: HttpErrorMiddleware, OffsiteMiddleware, RefererMiddleware, UrlLengthMiddleware, DepthMiddleware
2015-02-02 23:21:59+0800 [scrapy] INFO: Enabled item pipelines: TextprasePipeline
2015-02-02 23:21:59+0800 [sina] INFO: Spider opened
2015-02-02 23:21:59+0800 [sina] INFO: Crawled 0 pages (at 0 pages/min), scraped 0 items (at 0 items/min)
2015-02-02 23:21:59+0800 [scrapy] DEBUG: Telnet console listening on 127.0.0.1:6023
2015-02-02 23:21:59+0800 [scrapy] DEBUG: Web service listening on 127.0.0.1:6080
2015-02-02 23:22:00+0800 [sina] DEBUG: Crawled (200) <GET http://roll.finance.sina.com.cn/finance/gncj/jrxw/index_%5Cd+.shtml> (referer: None)
2015-02-02 23:22:00+0800 [sina] ERROR: Spider error processing <GET http://roll.finance.sina.com.cn/finance/gncj/jrxw/index_%5Cd+.shtml>
	Traceback (most recent call last):
	  File "/usr/local/lib/python2.7/dist-packages/Twisted-14.0.2-py2.7-linux-i686.egg/twisted/internet/base.py", line 1201, in mainLoop
	    self.runUntilCurrent()
	  File "/usr/local/lib/python2.7/dist-packages/Twisted-14.0.2-py2.7-linux-i686.egg/twisted/internet/base.py", line 824, in runUntilCurrent
	    call.func(*call.args, **call.kw)
	  File "/usr/local/lib/python2.7/dist-packages/Twisted-14.0.2-py2.7-linux-i686.egg/twisted/internet/defer.py", line 382, in callback
	    self._startRunCallbacks(result)
	  File "/usr/local/lib/python2.7/dist-packages/Twisted-14.0.2-py2.7-linux-i686.egg/twisted/internet/defer.py", line 490, in _startRunCallbacks
	    self._runCallbacks()
	--- <exception caught here> ---
	  File "/usr/local/lib/python2.7/dist-packages/Twisted-14.0.2-py2.7-linux-i686.egg/twisted/internet/defer.py", line 577, in _runCallbacks
	    current.result = callback(current.result, *args, **kw)
	  File "/home/kurisu/github/textprase/textprase/spiders/sina.py", line 37, in parse
	    item['updatetime']=scrapy.Selector(items[0]).xpath('//a')#ct.xpath('span/text()').extract()
	  File "/usr/local/lib/python2.7/dist-packages/Scrapy-0.24.4-py2.7.egg/scrapy/selector/unified.py", line 79, in __init__
	    _root = LxmlDocument(response, self._parser)
	  File "/usr/local/lib/python2.7/dist-packages/Scrapy-0.24.4-py2.7.egg/scrapy/selector/lxmldocument.py", line 27, in __new__
	    cache[parser] = _factory(response, parser)
	  File "/usr/local/lib/python2.7/dist-packages/Scrapy-0.24.4-py2.7.egg/scrapy/selector/lxmldocument.py", line 13, in _factory
	    body = response.body_as_unicode().strip().encode('utf8') or '<html/>'
	exceptions.AttributeError: 'Request' object has no attribute 'body_as_unicode'
	
2015-02-02 23:22:00+0800 [sina] INFO: Closing spider (finished)
2015-02-02 23:22:00+0800 [sina] INFO: Dumping Scrapy stats:
	{'downloader/request_bytes': 258,
	 'downloader/request_count': 1,
	 'downloader/request_method_count/GET': 1,
	 'downloader/response_bytes': 10509,
	 'downloader/response_count': 1,
	 'downloader/response_status_count/200': 1,
	 'finish_reason': 'finished',
	 'finish_time': datetime.datetime(2015, 2, 2, 15, 22, 0, 173763),
	 'log_count/DEBUG': 3,
	 'log_count/ERROR': 1,
	 'log_count/INFO': 7,
	 'response_received_count': 1,
	 'scheduler/dequeued': 1,
	 'scheduler/dequeued/memory': 1,
	 'scheduler/enqueued': 1,
	 'scheduler/enqueued/memory': 1,
	 'spider_exceptions/AttributeError': 1,
	 'start_time': datetime.datetime(2015, 2, 2, 15, 21, 59, 864743)}
2015-02-02 23:22:00+0800 [sina] INFO: Spider closed (finished)
