2015-02-01 23:56:26+0800 [scrapy] INFO: Scrapy 0.24.4 started (bot: textprase)
2015-02-01 23:56:26+0800 [scrapy] INFO: Optional features available: ssl, http11
2015-02-01 23:56:26+0800 [scrapy] INFO: Overridden settings: {'NEWSPIDER_MODULE': 'textprase.spiders', 'SPIDER_MODULES': ['textprase.spiders'], 'LOG_FILE': 'spider.log', 'BOT_NAME': 'textprase'}
2015-02-01 23:56:27+0800 [scrapy] INFO: Enabled extensions: LogStats, TelnetConsole, CloseSpider, WebService, CoreStats, SpiderState
2015-02-01 23:56:27+0800 [scrapy] INFO: Enabled downloader middlewares: HttpAuthMiddleware, DownloadTimeoutMiddleware, UserAgentMiddleware, RetryMiddleware, DefaultHeadersMiddleware, MetaRefreshMiddleware, HttpCompressionMiddleware, RedirectMiddleware, CookiesMiddleware, ChunkedTransferMiddleware, DownloaderStats
2015-02-01 23:56:27+0800 [scrapy] INFO: Enabled spider middlewares: HttpErrorMiddleware, OffsiteMiddleware, RefererMiddleware, UrlLengthMiddleware, DepthMiddleware
2015-02-01 23:56:27+0800 [scrapy] INFO: Enabled item pipelines: TextprasePipeline
2015-02-01 23:56:27+0800 [hexun] INFO: Spider opened
2015-02-01 23:56:27+0800 [hexun] INFO: Crawled 0 pages (at 0 pages/min), scraped 0 items (at 0 items/min)
2015-02-01 23:56:27+0800 [scrapy] DEBUG: Telnet console listening on 127.0.0.1:6023
2015-02-01 23:56:27+0800 [scrapy] DEBUG: Web service listening on 127.0.0.1:6080
2015-02-01 23:56:27+0800 [hexun] DEBUG: Crawled (200) <GET http://www.hexun.com/> (referer: None)
2015-02-01 23:56:27+0800 [hexun] DEBUG: Scraped from <200 http://www.hexun.com/>
	{'title': [], 'url': []}
2015-02-01 23:56:27+0800 [hexun] DEBUG: Scraped from <200 http://www.hexun.com/>
	{'title': [u'\u4e00\u53f7\u6587\u4ef6\u5f3a\u8c03\u79d1\u5b66\u666e\u53ca\u8f6c\u57fa\u56e0',
	           u'\u56fe\u89e3\uff1a\u63d05\u4e2a\u91cd\u5927'],
	 'url': [u'http://news.hexun.com/2015-02-01/172955828.html',
	         u'http://news.hexun.com/2015-02-01/172956246.html']}
2015-02-01 23:56:27+0800 [hexun] DEBUG: Scraped from <200 http://www.hexun.com/>
	{'title': [u'\u5a92\u4f53\uff1a\u4e2d\u56fd\u91d1\u878d\u53cd\u8150\u5e8f\u5e55\u62c9\u5f00 \u538b\u8f74\u5927\u620f\u5c06\u767b\u573a '],
	 'url': [u'http://news.hexun.com/2015/msyhmxf/']}
2015-02-01 23:56:27+0800 [hexun] DEBUG: Scraped from <200 http://www.hexun.com/>
	{'title': [u'\u6d88\u606f\u79f0\u6c11\u751f\u94f6\u884c\u5f00\u4ea4\u6d41\u4f1a \u5b89\u90a6\u7b49\u5927\u80a1\u4e1c\u4e0d\u51cf\u6301'],
	 'url': [u'http://bank.hexun.com/2015-02-01/172954976.html']}
2015-02-01 23:56:27+0800 [hexun] DEBUG: Scraped from <200 http://www.hexun.com/>
	{'title': [u'\u65b9\u6b63\u653f\u6cc9\u6076\u6597\u5347\u7ea7 \u90ed\u6587\u8d351\u5929\u5957\u73b0\u76d8\u53e4\u5927\u89c285\u4ebf'],
	 'url': [u'http://house.hexun.com/2015-01-31/172947512.html']}
2015-02-01 23:56:27+0800 [hexun] DEBUG: Scraped from <200 http://www.hexun.com/>
	{'title': [u'\u5b98\u65b9\u9996\u6b21\u660e\u786e\u7b2c\u4e8c\u8258\u822a\u6bcd\u6d88\u606f \u6216\u5df2\u65bd\u5de5(\u56fe)'],
	 'url': [u'http://news.hexun.com/2015-02-01/172953065.html']}
2015-02-01 23:56:27+0800 [hexun] DEBUG: Scraped from <200 http://www.hexun.com/>
	{'title': [u'\u5f20\u9ad8\u4e3d\u9886\u8854\u4e00\u5e26\u4e00\u8def\u5efa\u8bbe\u9886\u5bfc\u5c0f\u7ec4\u4eae\u76f8(\u56fe) '],
	 'url': [u'http://news.hexun.com/2014/yidaiyilu/']}
2015-02-01 23:56:27+0800 [hexun] DEBUG: Scraped from <200 http://www.hexun.com/>
	{'title': [], 'url': []}
2015-02-01 23:56:27+0800 [hexun] DEBUG: Scraped from <200 http://www.hexun.com/>
	{'title': [u'2015\u5e74\u5168\u56fd\u4e24\u4f1a\u5c06\u4e8e3\u67083\u65e5\u548c3\u67085\u65e5\u5728\u4eac\u53ec\u5f00'],
	 'url': [u'http://news.hexun.com/2015-02-01/172953068.html']}
2015-02-01 23:56:27+0800 [hexun] DEBUG: Scraped from <200 http://www.hexun.com/>
	{'title': [u'\u6700\u9ad8\u6cd5\u7b2c\u4e00\u5de1\u56de\u6cd5\u5ead\u542f\u52a8\u6848\u4ef6\u53d7\u7406 \u542b\u7ca4\u6842\u743c3\u7701'],
	 'url': [u'http://news.hexun.com/2015-02-01/172952945.html']}
2015-02-01 23:56:27+0800 [hexun] DEBUG: Scraped from <200 http://www.hexun.com/>
	{'title': [u'\u65e5\u8bb0\u8005\u7591\u906dISIS\u65a9\u9996 \u51f6\u624b\u79f0\u65e5\u672c\u5669\u68a6\u5f00\u59cb',
	           u'\u7ec4\u56fe'],
	 'url': [u'http://news.hexun.com/2015-02-01/172951826.html',
	         u'http://news.hexun.com/2015-02-01/172952764_1.html']}
2015-02-01 23:56:27+0800 [hexun] DEBUG: Scraped from <200 http://www.hexun.com/>
	{'title': [u'\u5317\u4eac\u53bb\u5e74\u67e5\u5927\u6848\u8981\u6848717\u8d77 43\u540d\u5916\u9003\u5b98\u5458\u88ab\u5904\u7406'],
	 'url': [u'http://news.hexun.com/2015-02-01/172952930.html']}
2015-02-01 23:56:27+0800 [hexun] DEBUG: Scraped from <200 http://www.hexun.com/>
	{'title': [u'\u5f1f\u5b50\u900f\u9732\u8d75\u672c\u5c71\u8fd1\u51b5\uff1a\u7626\u4e86\u51e0\u65a4 \u6bcf\u5929\u5403\u5c0f\u767d\u83dc'],
	 'url': [u'http://news.hexun.com/2015-02-01/172955532.html']}
2015-02-01 23:56:27+0800 [hexun] DEBUG: Scraped from <200 http://www.hexun.com/>
	{'title': [u'\u6e56\u5317\u906d\u9047\u5165\u51ac\u4ee5\u6765\u6700\u5927\u66b4\u96ea\u5929\u6c14 \u903e30\u4e07\u4eba\u53d7\u707e'],
	 'url': [u'http://news.hexun.com/2015-02-01/172953101.html']}
2015-02-01 23:56:27+0800 [hexun] DEBUG: Scraped from <200 http://www.hexun.com/>
	{'title': [u'\u4e00\u53f7\u6587\u4ef6\u6210\u519c\u4e1a\u50ac\u5316\u5242',
	           u'\u5b89\u4fe1\u529b\u8350\u519c\u8d44\u670d\u52a15\u91d1\u80a1'],
	 'url': [u'http://stock.hexun.com/2015-02-01/172954193.html',
	         u'http://stock.hexun.com/2015-02-01/172954238.html']}
2015-02-01 23:56:27+0800 [hexun] DEBUG: Scraped from <200 http://www.hexun.com/>
	{'title': [u'\u5b98\u65b9\u9996\u6b21\u660e\u786e\u7b2c\u4e8c\u8258\u822a\u6bcd\u6d88\u606f 4\u6982\u5ff5\u80a1\u7206\u53d1\u5728\u5373'],
	 'url': [u'http://stock.hexun.com/2015-02-01/172955073.html']}
2015-02-01 23:56:27+0800 [hexun] DEBUG: Scraped from <200 http://www.hexun.com/>
	{'title': [u'\u5730\u65b9\u4e24\u4f1a\u9690\u85cf\u6295\u8d44\u673a\u4f1a \u56db\u5927\u4e3b\u9898\u6709\u671b\u8fce\u98ce\u8d77\u821e'],
	 'url': [u'http://stock.hexun.com/2015-02-01/172954226.html']}
2015-02-01 23:56:27+0800 [hexun] DEBUG: Scraped from <200 http://www.hexun.com/>
	{'title': [u'\u6587\u56fd\u5e86:\u4e09\u53d8\u91cf\u5b9a\u725b\u5e02\u547d\u8fd0',
	           u'\u674e\u8fc5\u96f7:A\u80a1\u4ecd\u5c06\u8d70\u725b'],
	 'url': [u'http://stock.hexun.com/2015-02-01/172954169.html',
	         u'http://stock.hexun.com/2015-02-01/172955864.html']}
2015-02-01 23:56:27+0800 [hexun] DEBUG: Scraped from <200 http://www.hexun.com/>
	{'title': [u'\u7ba1\u7406\u5c42\u4e3a\u4f55\u8fde\u7eed\u51fa\u751f\u76d1\u7ba1',
	           u'\u7ec4\u5408\u4ed3\u4f4d\u8dd1\u8d62\u5927\u76d8'],
	 'url': [u'http://chat.hexun.com/', u'http://chat.hexun.com/24/default.html']}
2015-02-01 23:56:27+0800 [hexun] DEBUG: Scraped from <200 http://www.hexun.com/>
	{'title': [u'\u76d8\u4e2d\u725b\u80a1',
	           u'\u65e0\u98ce\u9669\u5e73\u8861\u7b56\u7565\u662f\u5173\u952e'],
	 'url': [u'http://tg.hexun.com/',
	         u'http://chat.hexun.com/377/default.html',
	         u'http://tg.hexun.com/sp2/IAArticle.aspx?articleid=2799&teacherid=25147845']}
2015-02-01 23:56:27+0800 [hexun] DEBUG: Scraped from <200 http://www.hexun.com/>
	{'title': [u'A\u8ba1\u5212',
	           u'\u4e00\u5207\u5c3d\u5728\u548c\u8baf\u65b0\u98de\u72d0'],
	 'url': [u'http://wizard.stock.hexun.com/adstat/startNew.aspx?p=19&t=1&i=515',
	         u'http://zhibiao.hexun.com/aplan/index?planid=323',
	         u'http://c.hexun.com/',
	         u'http://wizard.stock.hexun.com/adstat/startNew.aspx?p=1&t=1&i=698']}
2015-02-01 23:56:27+0800 [hexun] DEBUG: Scraped from <200 http://www.hexun.com/>
	{'title': [], 'url': []}
2015-02-01 23:56:27+0800 [hexun] DEBUG: Scraped from <200 http://www.hexun.com/>
	{'title': [u'\u591a\u5bb6\u4e0a\u5e02\u516c\u53f8\u5b9e\u4eac\u80fd\u96c6\u56e2\u539f\u8463\u4e8b\u957f\u9646\u6d77\u519b\u906d\u8c03\u67e5'],
	 'url': [u'http://stock.hexun.com/2015-02-01/172955639.html']}
2015-02-01 23:56:27+0800 [hexun] DEBUG: Scraped from <200 http://www.hexun.com/>
	{'title': [u'\u5168\u805a\u5fb7\u5c3e\u76d81\u5206\u949f\u6da8\u505c \u7f51\u53cb\u8d28\u7591\u80a1\u4ef7\u64cd\u7eb5',
	           u'\u56de\u5e94'],
	 'url': [u'http://315.stock.hexun.com/',
	         u'http://stock.hexun.com/2015-01-30/172924316.html']}
2015-02-01 23:56:27+0800 [hexun] DEBUG: Scraped from <200 http://www.hexun.com/>
	{'title': [u'\u6717\u739b\u4fe1\u606f8000\u4e07\u539f\u59cb\u80a1\u5c06\u89e3\u7981 \u5b9e\u63a7\u4eba\u8eab\u5bb670\u4ebf'],
	 'url': [u'http://stock.hexun.com/2015-01-31/172936628.html']}
2015-02-01 23:56:27+0800 [hexun] DEBUG: Scraped from <200 http://www.hexun.com/>
	{'title': [u'\u6d77\u6da6\u5149\u4f0f\u9ad8\u9001\u8f6c\u88ab\u7591\u52a9\u529b\u5957\u73b0 \u4e0a\u4ea4\u6240\u53d1\u51fd\u95ee\u8be2'],
	 'url': [u'http://stock.hexun.com/2015-01-30/172930633.html']}
2015-02-01 23:56:27+0800 [hexun] DEBUG: Scraped from <200 http://www.hexun.com/>
	{'title': [u'\u4e2d\u79d1\u4e91\u7f51\u9762\u4e34\u201c\u6234\u5e3d\u201d\u80a1\u4ef7\u8dcc\u505c \u6e38\u8d44\u7d27\u6025\u8dd1\u8def'],
	 'url': [u'http://stock.hexun.com/2015-01-31/172939916.html']}
2015-02-01 23:56:27+0800 [hexun] DEBUG: Scraped from <200 http://www.hexun.com/>
	{'title': [u'\u4ea8\u901a\u5149\u7535\u9ad8\u6ea2\u4ef7\u6536\u8d2d \u6697\u6e21\u9648\u4ed3\u80cc\u540e\u95ee\u9898\u591a\u591a'],
	 'url': [u'http://stock.hexun.com/2015-02-01/172954262.html']}
2015-02-01 23:56:27+0800 [hexun] DEBUG: Scraped from <200 http://www.hexun.com/>
	{'title': [u'\u6c47\u6e90\u901a\u4fe1\u91cd\u7ec4\u65b9\u6848\u51fa\u7089 \u5cf0\u4e1a\u79d1\u73af\u4f5c\u4ef730\u4ebf\u501f\u58f3'],
	 'url': [u'http://stock.hexun.com/2015-02-01/172955766.html']}
2015-02-01 23:56:27+0800 [hexun] DEBUG: Scraped from <200 http://www.hexun.com/>
	{'title': [u'\u4f17\u5174\u83cc\u4e1a\u4ea7\u80fd\u8fc7\u5269 \u76c8\u5229\u76ee\u6807\u96be\u5b9e\u73b0 '],
	 'url': [u'http://stock.hexun.com/ipoobserver/index.html',
	         u'http://stock.hexun.com/2014/ipo495/index.html']}
2015-02-01 23:56:27+0800 [hexun] DEBUG: Scraped from <200 http://www.hexun.com/>
	{'title': [u'\u4e1c\u65b9\u7f51\u529b\uff1a\u89c6\u9891\u4e92\u8054\u7f51\u9f99\u5934 \u589e\u6301\u8bc4\u7ea7'],
	 'url': [u'http://yanbao.stock.hexun.com/',
	         u'http://yanbao.stock.hexun.com/dzgg575782.shtml']}
2015-02-01 23:56:27+0800 [hexun] DEBUG: Scraped from <200 http://www.hexun.com/>
	{'title': [], 'url': []}
2015-02-01 23:56:27+0800 [hexun] DEBUG: Scraped from <200 http://www.hexun.com/>
	{'title': [u'\u57fa\u91d1\u4e1a\u534f\u4f1a\u5bf914\u5bb6\u673a\u6784\u91c7\u53d6\u81ea\u5f8b\u7ba1\u7406\u63aa\u65bd'],
	 'url': [u'http://funds.hexun.com/2015-01-31/172933429.html']}
2015-02-01 23:56:27+0800 [hexun] DEBUG: Scraped from <200 http://www.hexun.com/>
	{'title': [u'11\u5bb6\u57fa\u91d1\u516c\u53f8\u6d89\u201c\u8001\u9f20\u4ed3\u201d\u88ab\u91c7\u53d6\u76d1\u7ba1\u63aa\u65bd'],
	 'url': [u'http://funds.hexun.com/2015-01-31/172932823.html']}
2015-02-01 23:56:27+0800 [hexun] DEBUG: Scraped from <200 http://www.hexun.com/>
	{'title': [u'\u884c\u60c5\u6e10\u8d77 \u516c\u52df\u660e\u661f\u57fa\u91d1\u7ecf\u7406\u201c\u725b\u5e02\u5954\u79c1\u201d'],
	 'url': [u'http://funds.hexun.com/2015-01-31/172938235.html']}
2015-02-01 23:56:27+0800 [hexun] DEBUG: Scraped from <200 http://www.hexun.com/>
	{'title': [u'\u76d1\u7ba1\u5c42\u5f00\u57fa\u91d1\u7f5a\u5355 6\u6d89\u201c\u9f20\u201d\u516c\u52df\u505c\u53d1\u65b0\u4ea7\u54c1'],
	 'url': [u'http://funds.hexun.com/2015-01-31/172931649.html',
	         u'javascript:void(0)']}
2015-02-01 23:56:27+0800 [hexun] DEBUG: Scraped from <200 http://www.hexun.com/>
	{'title': [u'\u52a8\u771f\u683c 5\u5bb6\u79c1\u52df\u6295\u8d44\u57fa\u91d1\u7ba1\u7406\u4eba\u88ab\u6ce8\u9500\u767b\u8bb0 '],
	 'url': [u'http://funds.hexun.com/2015-01-31/172933455.html']}
2015-02-01 23:56:27+0800 [hexun] DEBUG: Scraped from <200 http://www.hexun.com/>
	{'title': [u'\u84dd\u7b79\u884c\u60c5\u96c4\u8d77 \u591a\u53ea\u57fa\u91d1\u9006\u5e02\u52a0\u4ed3\u521b\u4e1a\u677f'],
	 'url': [u'http://funds.hexun.com/2015-01-31/172938234.html']}
2015-02-01 23:56:27+0800 [hexun] DEBUG: Scraped from <200 http://www.hexun.com/>
	{'title': [u'\u65b0\u4e09\u677f\u8fc5\u901f\u6269\u5bb9 \u516c\u52df\u3001\u79c1\u52df\u57fa\u91d1\u6253\u54cd\u5361\u4f4d\u6218'],
	 'url': [u'http://funds.hexun.com/2015-01-31/172938285.html']}
2015-02-01 23:56:27+0800 [hexun] DEBUG: Scraped from <200 http://www.hexun.com/>
	{'title': [u'2014\u5e74\u503a\u5238\u57fa\u91d1\u5e74\u7ec8\u76d8\u70b9'],
	 'url': [u'http://funds.hexun.com/2015/cxzt01zqjjpd/',
	         u'http://jq.qq.com/?_wv=1027&k=TVupFh',
	         u'javascript:void(0)']}
2015-02-01 23:56:27+0800 [hexun] DEBUG: Scraped from <200 http://www.hexun.com/>
	{'title': [u'\u65b0\u5e74\u79c1\u52df\u8c03\u7814\u5fd9 \u6cfd\u7199\u5e74\u540e\u8c03\u78148\u516c\u53f8'],
	 'url': [u'http://funds.hexun.com/smjj/',
	         u'http://funds.hexun.com/2015-01-31/172933410.html',
	         u'javascript:void(0)']}
2015-02-01 23:56:27+0800 [hexun] DEBUG: Scraped from <200 http://www.hexun.com/>
	{'title': [], 'url': []}
2015-02-01 23:56:27+0800 [hexun] DEBUG: Scraped from <200 http://www.hexun.com/>
	{'title': [u'\u201c\u4eba\u6c11\u5e01\u8d2c\u503c\u201d\u4e0d\u662f\u72fc\u6765\u4e86 \u4e14\u8fd8\u6709\u79ef\u6781\u610f\u4e49'],
	 'url': [u'http://opinion.hexun.com/2015-02-01/172951979.html']}
2015-02-01 23:56:27+0800 [hexun] DEBUG: Scraped from <200 http://www.hexun.com/>
	{'title': [u'\u5c0f\u7c73\u5bb6\u88c5O2O\uff1a\u96f7\u519b\u821e\u5251 \u610f\u5728\u623f\u5730\u4ea7'],
	 'url': [u'http://opinion.hexun.com/2015-02-01/172951895.html']}
2015-02-01 23:56:27+0800 [hexun] DEBUG: Scraped from <200 http://www.hexun.com/>
	{'title': [u'\u5b89\u500d\u4e3a\u4e30\u7530\u4ee3\u8a00\uff1a\u4e3a\u4f55\u4ee5\u9996\u76f8\u4e4b\u529b\u505a\u63a8\u9500'],
	 'url': [u'http://opinion.hexun.com/2015-02-01/172952519.html']}
2015-02-01 23:56:27+0800 [hexun] DEBUG: Scraped from <200 http://www.hexun.com/>
	{'title': [u'\u963f\u91cc\u4eac\u4e1c\u4ecd\u9700\u58ee\u5927 \u8fd8\u65e0\u9700\u62c5\u5fc3\u201c\u5be1\u5934\u201d\u95ee\u9898'],
	 'url': [u'http://opinion.hexun.com/2015-02-01/172949093.html']}
2015-02-01 23:56:27+0800 [hexun] DEBUG: Scraped from <200 http://www.hexun.com/>
	{'title': [], 'url': [u'http://opinion.hexun.com/2015-02-01/172952106.html']}
2015-02-01 23:56:27+0800 [hexun] DEBUG: Scraped from <200 http://www.hexun.com/>
	{'title': [u'\u8fbe\u6c83\u65af\u8bba\u575b\u5728\u4e92\u52a8\u535a\u5f08\u4e2d\u4f4e\u4f30\u4e86\u8c01\u7684\u60f3\u6cd5'],
	 'url': [u'http://opinion.hexun.com/2015-02-01/172951971.html']}
2015-02-01 23:56:27+0800 [hexun] DEBUG: Scraped from <200 http://www.hexun.com/>
	{'title': [u'\u9ad8\u4e2d\u751f\u8dea\u62dc\u5b54\u5b50\u771f\u7684\u662f\u201c\u6cb9\u7136\u800c\u751f\u201d\u5417'],
	 'url': [u'http://opinion.hexun.com/2015-02-01/172949091.html']}
2015-02-01 23:56:27+0800 [hexun] DEBUG: Scraped from <200 http://www.hexun.com/>
	{'title': [u'\u7f55\u89c1\u75c5\u60a3\u8005\u4e0a\u5b66\u7684\u6743\u5229\u4e0d\u80fd\u88ab\u968f\u610f\u5265\u593a'],
	 'url': [u'http://opinion.hexun.com/2015-02-01/172949094.html']}
2015-02-01 23:56:27+0800 [hexun] DEBUG: Scraped from <200 http://www.hexun.com/>
	{'title': [u'\u961c\u9633\u201c\u5929\u4ef7\u201d\u516c\u5171\u81ea\u884c\u8f66\u5230\u5e95\u591a\u5c11\u94b1\u4e00\u8f86'],
	 'url': [u'http://opinion.hexun.com/2015-02-01/172949092.html']}
2015-02-01 23:56:27+0800 [hexun] DEBUG: Scraped from <200 http://www.hexun.com/>
	{'title': [], 'url': []}
2015-02-01 23:56:27+0800 [hexun] DEBUG: Scraped from <200 http://www.hexun.com/>
	{'title': [u'\u4e0a\u671f\u62404\u4e2a\u54c1\u79cd\u591c\u76d8\u4ea4\u6613\u9996\u6708\u6210\u4ea4\u989d\u8d85\u4e07\u4ebf\u5143'],
	 'url': [u'http://futures.hexun.com/2015-01-31/172933582.html']}
2015-02-01 23:56:27+0800 [hexun] DEBUG: Scraped from <200 http://www.hexun.com/>
	{'title': [u'\u4e2d\u671f\u534f\u516c\u5e03\u300a\u4e92\u8054\u7f51\u5f00\u6237\u89c4\u5219\u300b \u7f51\u4e0a\u5f00\u6237\u6e10\u8fd1'],
	 'url': [u'http://futures.hexun.com/2015-01-29/172884837.html']}
2015-02-01 23:56:27+0800 [hexun] DEBUG: Scraped from <200 http://www.hexun.com/>
	{'title': [u'\u671f\u8d27\u201c\u50f5\u5c38\u54c1\u79cd\u201d\u6269\u81f37\u4e2a \u5206\u6790\u5e08\u8f6c\u578b\u201c\u8c0b\u751f\u201d'],
	 'url': [u'http://futures.hexun.com/2015-01-31/172933574.html']}
2015-02-01 23:56:27+0800 [hexun] DEBUG: Scraped from <200 http://www.hexun.com/>
	{'title': [u'\u5927\u5b97\u5546\u54c1\u5e02\u573a\u9884\u671f\u591a\u6837 \u9ad8\u76db\uff1a\u53d6\u6d88\u505a\u7a7a\u94dc\u5efa\u8bae'],
	 'url': [u'http://futures.hexun.com/2015-01-30/172929845.html']}
2015-02-01 23:56:27+0800 [hexun] DEBUG: Scraped from <200 http://www.hexun.com/>
	{'title': [u'\u7164\u6539\u201c\u5047\u6574\u5408\u201d\u89e6\u96f7 \u540c\u7164\u53d7\u635f3.8\u4ebf\u6210\u51a4\u5927\u5934'],
	 'url': [u'http://futures.hexun.com/2015-01-30/172930753.html']}
2015-02-01 23:56:27+0800 [hexun] DEBUG: Scraped from <200 http://www.hexun.com/>
	{'title': [u'\u4eba\u6c11\u5e01\u6c47\u7387\u5bbd\u5e45\u6ce2\u52a8 \u878d\u8d44\u6027\u5927\u8c46\u9762\u4e34\u8fdd\u7ea6\u98ce\u9669'],
	 'url': [u'http://futures.hexun.com/2015-01-31/172933572.html']}
2015-02-01 23:56:27+0800 [hexun] DEBUG: Scraped from <200 http://www.hexun.com/>
	{'title': [u'\u89c2\u671b\u60c5\u7eea\u6325\u4e4b\u4e0d\u53bb\u671f\u6307\u77ed\u7ebf\u6216\u7ee7\u7eed\u8c03\u6574'],
	 'url': [u'http://qizhi.hexun.com/',
	         u'http://qizhi.hexun.com/2015-01-31/172932764.html']}
2015-02-01 23:56:27+0800 [hexun] DEBUG: Scraped from <200 http://www.hexun.com/>
	{'title': [u'\u6cb3\u5317\u73b053.9\u4ebf\u7279\u5927\u975e\u6cd5\u96c6\u8d44\u6848 3\u4e07\u4eba\u62a5\u6848'],
	 'url': [u'http://xianhuo.hexun.com/',
	         u'http://xianhuo.hexun.com/2015-02-01/172956028.html']}
2015-02-01 23:56:27+0800 [hexun] DEBUG: Scraped from <200 http://www.hexun.com/>
	{'title': [u'\u5168\u7403\u8d27\u5e01\u6218\u8513\u5ef6 \u7f8e\u8054\u50a8\u4ee5\u9759\u5236\u52a8'],
	 'url': [u'http://futures.hexun.com/globalfutures/',
	         u'http://futures.hexun.com/2015-01-29/172887009.html']}
2015-02-01 23:56:27+0800 [hexun] DEBUG: Scraped from <200 http://www.hexun.com/>
	{'title': [], 'url': []}
2015-02-01 23:56:27+0800 [hexun] DEBUG: Scraped from <200 http://www.hexun.com/>
	{'title': [u'\u7ecf\u6d4e\u5b66\u5bb6\u662f\u600e\u6837\u6162\u6162\u5360\u636e\u793e\u4f1a\u8bdd\u8bed\u6743\u7684'],
	 'url': [u'http://18302210.blog.hexun.com/98117365_h.html']}
2015-02-01 23:56:27+0800 [hexun] DEBUG: Scraped from <200 http://www.hexun.com/>
	{'title': [u'\u5b89\u500d\u7ecf\u6d4e\u5b66\u7684\u65b0\u4e00\u8f6e\u627f\u8bfa\u662f\u5426\u503c\u5f97\u4fe1\u8d56'],
	 'url': [u'http://21650093.blog.hexun.com/98117678_d.html']}
2015-02-01 23:56:27+0800 [hexun] DEBUG: Scraped from <200 http://www.hexun.com/>
	{'title': [u'\u4fc4\u7f57\u65af\u8d27\u5e01\u653f\u7b56\u5927\u9006\u8f6c\u90fd\u662f\u542c\u666e\u4eac\u7684\uff1f'],
	 'url': [u'http://21650093.blog.hexun.com/98117563_d.html']}
2015-02-01 23:56:27+0800 [hexun] DEBUG: Scraped from <200 http://www.hexun.com/>
	{'title': [u'\u4e2d\u56fd\u7ecf\u6d4e\u53d1\u5c55\u4e0e\u80a1\u5e02\u8868\u73b0\u4e3a\u4f55\u76f8\u80cc\u79bb'],
	 'url': [u'http://21650093.blog.hexun.com/98117715_d.html']}
2015-02-01 23:56:27+0800 [hexun] DEBUG: Scraped from <200 http://www.hexun.com/>
	{'title': [], 'url': [u'http://f.blog.hexun.com/']}
2015-02-01 23:56:27+0800 [hexun] DEBUG: Scraped from <200 http://www.hexun.com/>
	{'title': [u'\u5de5\u5546\u5c40\u4e0e\u963f\u91cc\u201c\u548c\u89e3\u201d\u8fce\u6765\u653f\u4f01\u65b0\u6c14\u8c61'],
	 'url': [u'http://18302210.blog.hexun.com/98117276_d.html']}
2015-02-01 23:56:27+0800 [hexun] DEBUG: Scraped from <200 http://www.hexun.com/>
	{'title': [u'\u7c73\u6b47\u5c14-\u5965\u5df4\u9a6c\u8bbf\u6c99\u7279\u4e0d\u6234\u5934\u5dfe\u88ab\u8fc7\u5206\u89e3\u8bfb'],
	 'url': [u'http://18302210.blog.hexun.com/98117415_h.html']}
2015-02-01 23:56:27+0800 [hexun] DEBUG: Scraped from <200 http://www.hexun.com/>
	{'title': [u'\u58a8\u897f\u54e5\u9ad8\u94c1\u4e3a\u4ec0\u4e48\u4f1a\u51fa\u73b0\u7b2c\u4e8c\u6b21\u201c\u723d\u7ea6\u201d\uff1f'],
	 'url': [u'http://t.hexun.com/21650093/43428000_d.html']}
2015-02-01 23:56:27+0800 [hexun] DEBUG: Scraped from <200 http://www.hexun.com/>
	{'title': [u'\u201c\u5357\u6d77\u4e00\u53f7\u201d\u6d77\u91cf\u5b8b\u74f7\u6253\u7b97\u8fd0\u5f80\u4f55\u65b9\uff1f'],
	 'url': [u'http://t.hexun.com/21650093/43428067_d.html']}
2015-02-01 23:56:27+0800 [hexun] DEBUG: Scraped from <200 http://www.hexun.com/>
	{'title': [], 'url': []}
2015-02-01 23:56:27+0800 [hexun] DEBUG: Scraped from <200 http://www.hexun.com/>
	{'title': [u'\u5ba3\u5e03MH370\u201c\u5931\u4e8b\u201d\u8868\u660e\u6cd5\u5f8b\u7406\u8d54\u7a0b\u5e8f\u542f\u52a8'],
	 'url': [u'http://insurance.hexun.com/2015-02-01/172948940.html']}
2015-02-01 23:56:27+0800 [hexun] DEBUG: Scraped from <200 http://www.hexun.com/>
	{'title': [u'\u4e94\u90e8\u95e8\u63a8\u4fe1\u7528\u4fdd\u8bc1\u4fdd\u9669 \u4e3a\u5c0f\u989d\u8d37\u6b3e\u63d0\u8d44\u4fe1\u62c5\u4fdd'],
	 'url': [u'http://insurance.hexun.com/2015-02-01/172951568.html']}
2015-02-01 23:56:27+0800 [hexun] DEBUG: Scraped from <200 http://www.hexun.com/>
	{'title': [u'\u5f03\u5987\u53d8\u5ba0\u5983 \u5218\u76ca\u8c26\u6740\u56de\u56fd\u534e\u4eba\u5bff\u906d\u8d28\u7591'],
	 'url': [u'http://insurance.hexun.com/2015-01-30/172929987.html']}
2015-02-01 23:56:27+0800 [hexun] DEBUG: Scraped from <200 http://www.hexun.com/>
	{'title': [u'\u76d1\u7ba1\u6574\u6cbb\u94f6\u4fdd\u6e20\u9053\u8fdd\u89c4\u884c\u4e3a \u4ee3\u7406\u673a\u6784\u7ba1\u63a7\u4e0d\u4e25'],
	 'url': [u'http://insurance.hexun.com/2015-01-31/172938556.html',
	         u'http://insurance.hexun.com/2015-01-30/172894795.html']}
2015-02-01 23:56:27+0800 [hexun] DEBUG: Scraped from <200 http://www.hexun.com/>
	{'title': [u'\u5229\u6da6\u7ffb\u756a\u8003\u51fa\u5386\u53f2\u6700\u597d\u6210\u7ee9 \u4fdd\u9669\u4e1a\u65b0\u7eaa\u5143'],
	 'url': [u'http://insurance.hexun.com/2015-01-30/172929850.html']}
2015-02-01 23:56:27+0800 [hexun] DEBUG: Scraped from <200 http://www.hexun.com/>
	{'title': [u'\u738b\u5fe0\u6c11\uff1a\u5168\u56fd\u793e\u4fdd\u57fa\u91d1\u53bb\u5e74\u6295\u8d44\u6536\u76ca\u738711\uff0e43%'],
	 'url': [u'http://insurance.hexun.com/2015-01-31/172932814.html']}
2015-02-01 23:56:27+0800 [hexun] DEBUG: Scraped from <200 http://www.hexun.com/>
	{'title': [u'|',
	           u'\u767e\u5143\u4ea4\u901a\u4fdd\u9669\u5361 \u542b200\u4e07\u5168\u5e74\u822a\u7a7a\u4fdd\u969c'],
	 'url': [u'http://www.fangxinbao.com/baoxian/zhongjixian',
	         u'http://www.fangxinbao.com/baoxian/yiwaixian/299.html']}
2015-02-01 23:56:27+0800 [hexun] DEBUG: Scraped from <200 http://www.hexun.com/>
	{'title': [u'| ',
	           u'\u5fae\u7ad9\uff1a\u4e00\u5206\u949f\u514d\u8d39\u5b9a\u5236 \u4fdd\u9669\u79fb\u52a8\u5de5\u4f5c\u5ba4'],
	 'url': [u'http://www.fangxinbao.com/news/list-1/169880853.html',
	         u'http://www.fangxinbao.com/news/list-1/169880853.html']}
2015-02-01 23:56:27+0800 [hexun] DEBUG: Scraped from <200 http://www.hexun.com/>
	{'title': [], 'url': []}
2015-02-01 23:56:27+0800 [hexun] DEBUG: Scraped from <200 http://www.hexun.com/>
	{'title': [u'\u4e09\u5927\u5229\u7a7a\u5bfc\u81f4A\u80a1\u56de\u843d',
	           u'\u5468\u7ebf9\u8fde\u9633\u7ec8\u7ed3\u9884\u793a\u8c03\u6574'],
	 'url': [u'http://guba.hexun.com/d/19864282,guba.html',
	         u'http://guba.hexun.com/d/19864243,guba.html']}
2015-02-01 23:56:27+0800 [hexun] DEBUG: Scraped from <200 http://www.hexun.com/>
	{'title': [u'KDJ\u6b7b\u53c9\u63d0\u793a\u6709\u4e2d\u7ea7\u8c03\u6574',
	           u'\u80a1\u6307\u51fb\u7a7f\u5747\u7ebf\u7ee7\u7eed\u5bfb\u5e95'],
	 'url': [u'http://guba.hexun.com/d/19864283,guba.html',
	         u'http://guba.hexun.com/d/19864332,guba.html']}
2015-02-01 23:56:27+0800 [hexun] DEBUG: Scraped from <200 http://www.hexun.com/>
	{'title': [u'\u57fa\u91d1\u9ad8\u4ed3\u5065\u53d1\u51fa\u4f55\u79cd\u4fe1\u53f7',
	           u'\u5927\u76d8\u4e0b\u4e00\u6ce2\u76ee\u68076000'],
	 'url': [u'http://guba.hexun.com/d/19864245,guba.html',
	         u'http://guba.hexun.com/d/19864248,guba.html']}
2015-02-01 23:56:27+0800 [hexun] DEBUG: Scraped from <200 http://www.hexun.com/>
	{'title': [u'\u4e2a\u80a1\u666e\u8dcc\u73b0\u7edd\u4f73\u4e70\u70b9',
	           u'\u9010\u6b65\u5173\u6ce8\u5173\u6ce8\u91d1\u878d\u80a1\u673a\u4f1a'],
	 'url': [u'http://guba.hexun.com/d/19864249,guba.html',
	         u'http://guba.hexun.com/d/19864275,guba.html']}
2015-02-01 23:56:27+0800 [hexun] DEBUG: Scraped from <200 http://www.hexun.com/>
	{'title': [], 'url': [u'http://bbs.hexun.com/']}
2015-02-01 23:56:27+0800 [hexun] DEBUG: Scraped from <200 http://www.hexun.com/>
	{'title': [u'\u4e0b\u5468\u5927\u76d8\u5148\u6291\u540e\u626c',
	           u'\u4e3b\u529b\u8fde\u8dcc\u6d17\u76d8\u66b4\u9732\u4e09\u5927\u8be1\u8ba1'],
	 'url': [u'http://bbs.hexun.com/post_500_7720908_1_d.html',
	         u'http://bbs.hexun.com/stock/post_5_7720881_1_d.html']}
2015-02-01 23:56:27+0800 [hexun] DEBUG: Scraped from <200 http://www.hexun.com/>
	{'title': [u'\u4e00\u7ec4\u56fe\u770b\u6e05\u6743\u91cd\u80a1\u5927\u79d8\u5bc6',
	           u'\u518d\u73b0\u5c0f\u53cd\u5f39\u5c31\u8981\u51cf\u4ed3'],
	 'url': [u'http://bbs.hexun.com/stock/post_5_7720928_1_d.html',
	         u'http://bbs.hexun.com/post_538_7720674_1_d.html']}
2015-02-01 23:56:27+0800 [hexun] DEBUG: Scraped from <200 http://www.hexun.com/>
	{'title': [u'\u4e0b\u5468\u5927\u76d8\u9707\u8361\u5c06\u4f1a\u52a0\u5267',
	           u'\u5f53\u5fc3\u5077\u9e21\u4e0d\u6210\u8680\u628a\u7c73'],
	 'url': [u'http://bbs.hexun.com/stock/post_5_7720839_1_d.html',
	         u'http://bbs.hexun.com/stock/post_5_7721014_1_d.html']}
2015-02-01 23:56:27+0800 [hexun] DEBUG: Scraped from <200 http://www.hexun.com/>
	{'title': [u'\u76d1\u7ba1\u5c42\u6574\u987f\u4e24\u878d\u4f46\u65e0\u6cd5\u963b\u6b62A\u80a1\u725b\u5e02'],
	 'url': [u'http://bbs.hexun.com/profession/',
	         u'http://bbs.hexun.com/stock/post_5_7721129_1_d.html']}
2015-02-01 23:56:27+0800 [hexun] DEBUG: Scraped from <200 http://www.hexun.com/>
	{'title': [], 'url': []}
2015-02-01 23:56:27+0800 [hexun] DEBUG: Scraped from <200 http://www.hexun.com/>
	{'title': [u'\u6500\u679d\u82b1\u5546\u4e1a\u94f6\u884c\u9000\u56de14.9\u4e07\u5143\u5de5\u4eba\u5de5\u8d44'],
	 'url': [u'http://bank.hexun.com/2015-02-01/172948917.html']}
2015-02-01 23:56:27+0800 [hexun] DEBUG: Scraped from <200 http://www.hexun.com/>
	{'title': [u'\u6c11\u751f\u94f6\u884c\u56de\u5e94\u201c\u884c\u957f\u6bdb\u6653\u5cf0\u88ab\u67e5\u201d\u4f20\u95fb'],
	 'url': [u'http://bank.hexun.com/2015-02-01/172948626.html']}
2015-02-01 23:56:27+0800 [hexun] DEBUG: Scraped from <200 http://www.hexun.com/>
	{'title': [u'\u963f\u91cc\u7f51\u5546\u94f6\u884c\u9884\u8ba15\u6708\u4efd\u5f00\u5f20 \u5c06\u4e0d\u8bbe\u7ebf\u4e0b\u7f51\u70b9'],
	 'url': [u'http://bank.hexun.com/2015-01-31/172931673.html']}
2015-02-01 23:56:27+0800 [hexun] DEBUG: Scraped from <200 http://www.hexun.com/>
	{'title': [u'\u5fae\u4f17\u94f6\u884c\u76c8\u5229\u6a21\u5f0f\uff1a\u4f9d\u6258\u540c\u4e1a\u64ae\u5408\u4ea7\u751f\u4e2d\u95f4\u6536\u5165'],
	 'url': [u'http://bank.hexun.com/2015-01-31/172931671.html']}
2015-02-01 23:56:27+0800 [hexun] DEBUG: Scraped from <200 http://www.hexun.com/>
	{'title': [u'\u94f6\u884c\u7ed3\u675f\u9ad8\u76c8\u5229\u65f6\u4ee3 \u5404\u7c7b\u9690\u6027\u98ce\u9669\u9010\u6b65\u663e\u6027\u5316'],
	 'url': [u'http://bank.hexun.com/2015-01-31/172932804.html']}
2015-02-01 23:56:27+0800 [hexun] DEBUG: Scraped from <200 http://www.hexun.com/>
	{'title': [u'\u591a\u5bb6\u94f6\u884c\u4e0b\u8c03\u8de8\u884c\u81ea\u52a8\u8fd8\u6b3e\u989d \u8c03\u6574\u989d\u5ea6\u5404\u4e0d\u540c'],
	 'url': [u'http://bank.hexun.com/2015-01-30/172897501.html']}
2015-02-01 23:56:27+0800 [hexun] DEBUG: Scraped from <200 http://www.hexun.com/>
	{'title': [u'\u6e29\u5dde\u50a8\u6237\u94f6\u884c\u5361\u88ab\u76d7\u5237 \u6cd5\u9662\u8c03\u89e3\u94f6\u884c\u5148\u8d54\u4e03\u6210'],
	 'url': [u'http://bank.hexun.com/2015-01-29/172883589.html']}
2015-02-01 23:56:27+0800 [hexun] DEBUG: Scraped from <200 http://www.hexun.com/>
	{'title': [u'\u653f\u5e9c\u6b63\u540d\u4f17\u7b79\u86ee\u62fc\uff1a\u63a8\u5e7f\u8d39\u4e00\u6708\u5343\u4e07'],
	 'url': [u'http://iof.hexun.com/',
	         u'http://iof.hexun.com/2015-01-30/172929851.html']}
2015-02-01 23:56:27+0800 [hexun] DEBUG: Scraped from <200 http://www.hexun.com/>
	{'title': [u'P2P\u5e73\u53f0\u906d\u5e74\u5173\u52ab 1\u6708\u8d8560\u5bb6\u51fa\u95ee\u9898'],
	 'url': [u'http://p2p.hexun.com/',
	         u'http://p2p.hexun.com/2015-01-31/172933517.html']}
2015-02-01 23:56:28+0800 [hexun] DEBUG: Scraped from <200 http://www.hexun.com/>
	{'title': [], 'url': []}
2015-02-01 23:56:28+0800 [hexun] DEBUG: Scraped from <200 http://www.hexun.com/>
	{'title': [u'\u4eba\u4eba\u7f51\u4e0b\u7ebf\u7ad9\u5185\u4fe1\u529f\u80fd'],
	 'url': [u'http://tech.hexun.com/2015-01-31/172940821.html']}
2015-02-01 23:56:28+0800 [hexun] DEBUG: Scraped from <200 http://www.hexun.com/>
	{'title': [u'\u82f9\u679c\u80a1\u4ef7\u521b\u65b0\u9ad8 \u8fbe120\u7f8e\u5143'],
	 'url': [u'http://tech.hexun.com/2015-01-31/172940815.html']}
2015-02-01 23:56:28+0800 [hexun] DEBUG: Scraped from <200 http://www.hexun.com/>
	{'title': [u'\u4f20\u7f8e\u56fd\u5728\u7ebf\u5c06\u88c1\u5458\u7ea6150\u4eba'],
	 'url': [u'http://tech.hexun.com/2015-01-31/172940741.html']}
2015-02-01 23:56:28+0800 [hexun] DEBUG: Scraped from <200 http://www.hexun.com/>
	{'title': [u'\u5de5\u5546\u603b\u5c40\u5c40\u957f\u4e0e\u9a6c\u4e91\u4f1a\u89c1 \u6216\u63e1\u624b\u8a00\u548c'],
	 'url': [u'http://tech.hexun.com/2015-01-31/172940860.html']}
2015-02-01 23:56:28+0800 [hexun] DEBUG: Scraped from <200 http://www.hexun.com/>
	{'title': [u'\u963f\u91cc\u65d7\u4e0b\u8682\u8681\u91d1\u670d\u62df\u660e\u5e74\u4e0a\u5e02 \u4f30\u503c\u8d85500\u4ebf\u7f8e\u5143 '],
	 'url': [u'http://tech.hexun.com/2015-01-31/172940834.html']}
2015-02-01 23:56:28+0800 [hexun] DEBUG: Scraped from <200 http://www.hexun.com/>
	{'title': [u'\u7a9d\u7a9d\u56e2\u66f4\u65b0\u62db\u80a1\u4e66\uff1a\u5c06\u878d\u8d44\u989d\u63d0\u9ad8\u81f36500\u4e07\u7f8e\u5143 '],
	 'url': [u'http://tech.hexun.com/2015-01-31/172940747.html']}
2015-02-01 23:56:28+0800 [hexun] DEBUG: Scraped from <200 http://www.hexun.com/>
	{'title': [u'Windows Server 10\u6b63\u5f0f\u7248\u5c06\u4e8e2016\u5e74\u53d1\u5e03'],
	 'url': [u'http://tech.hexun.com/2015-01-31/172940881.html']}
2015-02-01 23:56:28+0800 [hexun] DEBUG: Scraped from <200 http://www.hexun.com/>
	{'title': [u'\u4e0d\u53ea\u662f\u5168\u606f\u773c\u955cHoloLens \u5fae\u8f6f\u9ed1\u79d1\u6280\u76d8\u70b9'],
	 'url': [u'http://tech.hexun.com/pic/', u'http://tech.hexun.com/pic/']}
2015-02-01 23:56:28+0800 [hexun] DEBUG: Scraped from <200 http://www.hexun.com/>
	{'title': [u'\u667a\u80fd\u624b\u673a',
	           u'PC\u6574\u673a',
	           u'DIY\u914d\u4ef6',
	           u'\u529e\u516c\u5916\u8bbe'],
	 'url': [u'http://data.digi.hexun.com/products/index.php',
	         u'http://data.digi.hexun.com/products/product_search.php?subcatid=57',
	         u'http://data.digi.hexun.com/products/1.html',
	         u'http://data.digi.hexun.com/products/3.html',
	         u'http://data.digi.hexun.com/products/5.html']}
2015-02-01 23:56:28+0800 [hexun] DEBUG: Scraped from <200 http://www.hexun.com/>
	{'title': [], 'url': []}
2015-02-01 23:56:28+0800 [hexun] DEBUG: Scraped from <200 http://www.hexun.com/>
	{'title': [u'\u4fc4\u7f57\u65af\u53bb\u5e74\u9ec4\u91d1\u8d2d\u4e70\u521b\u6700\u9ad8\u4ee5\u6446\u8131\u7f8e\u5143\u4f9d\u8d56'],
	 'url': [u'http://gold.hexun.com/2015-02-01/172948613.html']}
2015-02-01 23:56:28+0800 [hexun] DEBUG: Scraped from <200 http://www.hexun.com/>
	{'title': [u'\u5e0c\u814a\uff1a\u62d2\u7edd\u4e0e\u4e09\u67b6\u9a6c\u8f66\u5408\u4f5c \u4e0d\u5bfb\u6c42\u6269\u5927\u63f4\u52a9'],
	 'url': [u'http://gold.hexun.com/2015-01-31/172941469.html']}
2015-02-01 23:56:28+0800 [hexun] DEBUG: Scraped from <200 http://www.hexun.com/>
	{'title': [u'\u91d1\u4ef7\u4e0a\u6f14\u201c\u795e\u9006\u8f6c\u201d \u591a\u6740\u7a7a\u540e\u5b88\u4f4f\u201c\u751f\u6b7b\u7ebf\u201d'],
	 'url': [u'http://gold.hexun.com/2015-01-31/172942010.html']}
2015-02-01 23:56:28+0800 [hexun] DEBUG: Scraped from <200 http://www.hexun.com/>
	{'title': [u'\u5c3d\u7ba1\u91d1\u4ef7\u56de\u843d\u4f46\u5e02\u573a\u4ecd\u770b\u591a \u9ec4\u91d1\u672c\u8d28\u662f\u8d27\u5e01'],
	 'url': [u'http://gold.hexun.com/2015-01-30/172898540.html']}
2015-02-01 23:56:28+0800 [hexun] DEBUG: Scraped from <200 http://www.hexun.com/>
	{'title': [u'\u73b0\u8d27\u91d1\u66b4\u8dcc\u903e30\u7f8e\u5143 \u9ec4\u91d1T+D\u5468\u4e94\u591c\u76d8\u5927\u8dcc'],
	 'url': [u'http://gold.hexun.com/2015-01-30/172896543.html']}
2015-02-01 23:56:28+0800 [hexun] DEBUG: Scraped from <200 http://www.hexun.com/>
	{'title': [u'\u767d\u94f6\u892a\u53bb\u907f\u9669\u5149\u73af \u7ee7\u7eed\u4fdd\u6301\u9707\u8361\u601d\u8def'],
	 'url': [u'http://gold.hexun.com/silver/',
	         u'http://gold.hexun.com/2015-01-31/172941840.html']}
2015-02-01 23:56:28+0800 [hexun] DEBUG: Scraped from <200 http://www.hexun.com/>
	{'title': [u'\u5b89\u5fbd\u53bb\u5e74\u751f\u4ea7\u9ec4\u91d121.5\u5428 \u94dc\u9675\u5360\u516b\u6210'],
	 'url': [u'http://gold.hexun.com/bullion/index.html',
	         u'http://gold.hexun.com/2015-02-01/172951795.html']}
2015-02-01 23:56:28+0800 [hexun] DEBUG: Scraped from <200 http://www.hexun.com/>
	{'title': [u'\u91d1\u6cb9\u66b4\u8dcc \u4e2a\u4eba\u4f18\u5148\u6284\u5e95\u9ec4\u91d1'],
	 'url': [u'http://gold.hexun.com/research/',
	         u'http://gold.hexun.com/2015-01-31/172935140.html']}
2015-02-01 23:56:28+0800 [hexun] DEBUG: Scraped from <200 http://www.hexun.com/>
	{'title': [u'\u73b0\u5b66\u73b0\u7528 \u56db\u62db\u6559\u4f60\u8fc5\u901f\u62dc\u6258\u5957\u5355\u70e6\u607c'],
	 'url': [u'http://bbs.hexun.com/money/board_75_all_1_d.html',
	         u'http://bbs.hexun.com/money/post_75_7644220_1_d.html']}
2015-02-01 23:56:28+0800 [hexun] DEBUG: Scraped from <200 http://www.hexun.com/>
	{'title': [], 'url': []}
2015-02-01 23:56:28+0800 [hexun] DEBUG: Scraped from <200 http://www.hexun.com/>
	{'title': [u'\u4e00\u6c7d\u632a\u7528\u516c\u6b3e\u5efa131\u680b\u522b\u5885'],
	 'url': [u'http://auto.hexun.com/2015-01-31/172932216.html']}
2015-02-01 23:56:28+0800 [hexun] DEBUG: Scraped from <200 http://www.hexun.com/>
	{'title': [u'\u5b9d\u9a6c\u65b0\u80fd\u6e90\u6218\u7565\u5728\u534e\u843d\u5730'],
	 'url': [u'http://auto.hexun.com/2015-01-31/172930931.html']}
2015-02-01 23:56:28+0800 [hexun] DEBUG: Scraped from <200 http://www.hexun.com/>
	{'title': [u'\u6c7d\u8f66\u4e1a\u65b0\u5e38\u6001\uff1a\u4e2a\u4f4d\u6570\u589e\u957f'],
	 'url': [u'http://auto.hexun.com/2015-01-31/172931670.html']}
2015-02-01 23:56:28+0800 [hexun] DEBUG: Scraped from <200 http://www.hexun.com/>
	{'title': [u'\u5965\u8fea\u5728\u534e\u9886\u8dd1\u8c6a\u8f66\u5e02\u573a \u591a\u8f66\u4f01\u770b\u91cd\u7ecf\u9500\u5546\u76c8\u5229'],
	 'url': [u'http://auto.hexun.com/2015-01-30/172891090.html']}
2015-02-01 23:56:28+0800 [hexun] DEBUG: Scraped from <200 http://www.hexun.com/>
	{'title': [u'\u5145\u7535\u6869\u7684\u201c\u6210\u957f\u70e6\u607c\u201d\uff1a\u6807\u51c6\u5316\u5de5\u4f5c\u662f\u957f\u671f\u4efb\u52a1'],
	 'url': [u'http://auto.hexun.com/2015-01-31/172931711.html']}
2015-02-01 23:56:28+0800 [hexun] DEBUG: Scraped from <200 http://www.hexun.com/>
	{'title': [u'\u5947\u745e\u745e\u864e3 2.0L\u8f66\u578b\u8c0d\u7167\u66dd\u5149 \u6216\u5e74\u5185\u4e0a\u5e02'],
	 'url': [u'http://auto.hexun.com/2015-01-31/172932722.html']}
2015-02-01 23:56:28+0800 [hexun] DEBUG: Scraped from <200 http://www.hexun.com/>
	{'title': [u'\u96f7\u514b\u8428\u65afLF-LC GT Vision\u6982\u5ff5\u8f66\u8c0d\u7167\u66dd\u5149'],
	 'url': [u'http://auto.hexun.com/2015-01-31/172933687.html']}
2015-02-01 23:56:28+0800 [hexun] DEBUG: Scraped from <200 http://www.hexun.com/>
	{'title': [u'\u5b9d\u9a6c\u5973\u7591\u9152\u9a7e \u7a7f\u9ad8\u8ddf\u978b\u8e39\u4ea4\u8b66\u4e0b\u4f53'],
	 'url': [u'http://auto.hexun.com/2011/pic/',
	         u'http://auto.hexun.com/2015-01-30/172909059.html']}
2015-02-01 23:56:28+0800 [hexun] DEBUG: Scraped from <200 http://www.hexun.com/>
	{'title': [u'18-25\u4e07',
	           u'25-40\u4e07',
	           u'SUV',
	           u'\u8f66\u578b\u5bf9\u6bd4'],
	 'url': [u'http://data.auto.hexun.com/sign/',
	         u'http://data.auto.hexun.com/price/#18\u4e07-25\u4e07',
	         u'http://data.auto.hexun.com/price/#25\u4e07-40\u4e07',
	         u'http://data.auto.hexun.com/type/#SUV',
	         u'http://data.auto.hexun.com/compare/102214/']}
2015-02-01 23:56:28+0800 [hexun] DEBUG: Scraped from <200 http://www.hexun.com/>
	{'title': [], 'url': []}
2015-02-01 23:56:28+0800 [hexun] DEBUG: Scraped from <200 http://www.hexun.com/>
	{'title': [u'\u5e03\u62c9\u5fb7\uff1a\u5e74\u4e2d\u52a0\u606f\u624d\u662f\u5408\u7406\u9884\u671f'],
	 'url': [u'http://forex.hexun.com/2015-01-31/172936177.html']}
2015-02-01 23:56:28+0800 [hexun] DEBUG: Scraped from <200 http://www.hexun.com/>
	{'title': [u'\u7f8eGDP\u589e\u901f\u51cf\u534a\u6b27\u5143\u53cd\u5f39\u5f97\u6551 \u745e\u94f6\u5efa\u8bae\u533a\u95f4\u64cd\u4f5c\u601d\u8def'],
	 'url': [u'http://forex.hexun.com/2015-01-31/172932718.html']}
2015-02-01 23:56:28+0800 [hexun] DEBUG: Scraped from <200 http://www.hexun.com/>
	{'title': [u'\u82f1\u9551\u5151\u7f8e\u5143\u81ea\u4e00\u5468\u4f4e\u4f4d\u56de\u5347 \u6cb9\u4ef7\u53cd\u5f39\u652f\u6491\u82f1\u9551'],
	 'url': [u'http://forex.hexun.com/2015-01-31/172933811.html']}
2015-02-01 23:56:28+0800 [hexun] DEBUG: Scraped from <200 http://www.hexun.com/>
	{'title': [u'\u7f8e\u94f6\u7f8e\u6797\uff1a\u7f8e\u5143\u5151\u65e5\u5143\u7ef4\u6301\u770b\u591a \u591a\u5934\u8d8b\u52bf\u5b8c\u597d'],
	 'url': [u'http://forex.hexun.com/2015-01-31/172936486.html']}
2015-02-01 23:56:28+0800 [hexun] DEBUG: Scraped from <200 http://www.hexun.com/>
	{'title': [u'\u82f1\u9551\u5151\u7f8e\u5143\u4e0b\u8dcc\u3000\u5e02\u573a\u9884\u671f\u82f1\u56fd\u63a8\u8fdf\u52a0\u606f'],
	 'url': [u'http://forex.hexun.com/2015-01-31/172931171.html']}
2015-02-01 23:56:28+0800 [hexun] DEBUG: Scraped from <200 http://www.hexun.com/>
	{'title': [u'\u6469\u6839\u5927\u901a\u5728\u745e\u90ce\u4e8b\u4ef6\u4e2d\u83b7\u52292.5\u4ebf\u7f8e\u5143'],
	 'url': [u'http://forex.hexun.com/broker/',
	         u'http://forex.hexun.com/2015-01-30/172904842.html']}
2015-02-01 23:56:28+0800 [hexun] DEBUG: Scraped from <200 http://www.hexun.com/>
	{'title': [u'\u4eba\u6c11\u5e01\u8d2c\u503c\u5bf9\u8d44\u672c\u5e02\u573a\u662f\u628a\u201c\u53cc\u5203\u5251\u201d'],
	 'url': [u'http://forex.hexun.com/rmbhl/',
	         u'http://forex.hexun.com/2015-01-31/172933459.html']}
2015-02-01 23:56:28+0800 [hexun] DEBUG: Scraped from <200 http://www.hexun.com/>
	{'title': [u'\u548c\u8baf\u89c2\u5bdf\uff1a\u8d27\u5e01\u653f\u7b56\u8c03\u6574\u51b2\u51fb\u5168\u7403\u6c47\u5e02'],
	 'url': [u'http://forex.hexun.com/2014/huiwenlu/',
	         u'http://forex.hexun.com/2015-01-30/172903456.html']}
2015-02-01 23:56:28+0800 [hexun] DEBUG: Scraped from <200 http://www.hexun.com/>
	{'title': [u'\u5c31\u4e1a\u6570\u636e\u6301\u7eed\u8f6c\u597d\u907f\u9669\u964d\u6e29\u6253\u538b\u9ec4\u91d1'],
	 'url': [u'http://forex.hexun.com/forex300s/index.html',
	         u'http://tv.hexun.com/2015-01-30/172918573.html']}
2015-02-01 23:56:28+0800 [hexun] DEBUG: Scraped from <200 http://www.hexun.com/>
	{'title': [], 'url': []}
2015-02-01 23:56:28+0800 [hexun] DEBUG: Scraped from <200 http://www.hexun.com/>
	{'title': [u'\u63ed\u79d8\u60c5\u4eba\u828210\u5927\u6d6a\u6f2b\u65c5\u6e38\u5730'],
	 'url': [u'http://house.hexun.com/2015-01-31/172940954.html']}
2015-02-01 23:56:28+0800 [hexun] DEBUG: Scraped from <200 http://www.hexun.com/>
	{'title': [u'\u4e70\u4e86\u6bc1\u4e00\u751f\u768414\u79cd\u51f6\u715e\u623f'],
	 'url': [u'http://house.hexun.com/2015-01-31/172941552.html']}
2015-02-01 23:56:28+0800 [hexun] DEBUG: Scraped from <200 http://www.hexun.com/>
	{'title': [], 'url': [u'http://house.hexun.com/2014-12-17/171511024.html']}
2015-02-01 23:56:28+0800 [hexun] DEBUG: Scraped from <200 http://www.hexun.com/>
	{'title': [u'\u4e70\u623f\u4e0d\u770b\u98ce\u6c34\u5fc5\u540e\u6094 \u98ce\u6c34\u5e08\u66dd\u5ba2\u5385\u88c5\u4fee20\u5927\u7981\u5fcc'],
	 'url': [u'http://house.hexun.com/2015-01-31/172942115.html']}
2015-02-01 23:56:28+0800 [hexun] DEBUG: Scraped from <200 http://www.hexun.com/>
	{'title': [u'80\u540e\u592b\u59bb\u79c0\u751c\u871c\u5a5a\u623f 67\u5e73\u5c0f\u6237\u578b\u88c5\u51fa\u767e\u5e73\u6548\u679c '],
	 'url': [u'http://house.hexun.com/2015-01-31/172941855.html']}
2015-02-01 23:56:28+0800 [hexun] DEBUG: Scraped from <200 http://www.hexun.com/>
	{'title': [u'\u878d\u521b\u505c\u724c\u662d\u793a\u5927\u52a8\u4f5c \u4f73\u5146\u4e1a\u6216\u8fce\u6765\u6536\u8d2d\u524d\u591c'],
	 'url': [u'http://house.hexun.com/2015/jiazhaoye/']}
2015-02-01 23:56:28+0800 [hexun] DEBUG: Scraped from <200 http://www.hexun.com/>
	{'title': [u'\u4ece\u7eaf\u4f4f\u5b85\u5230\u8d25\u8d70\u4ea7\u4e1a\u56ed \u4e07\u79d1\u5546\u4e1a\u5355\u98de\u6a21\u5f0f\u5f85\u8003'],
	 'url': [u'http://house.hexun.com/2015/wank201501/']}
2015-02-01 23:56:28+0800 [hexun] DEBUG: Scraped from <200 http://www.hexun.com/>
	{'title': [u'\u4e2d\u79d1\u9662\u9884\u8ba12015\u4e00\u7ebf\u57ce\u5e02\u623f\u4ef7\u6da86.5%'],
	 'url': [u'http://house.hexun.com/zhiye/',
	         u'http://house.hexun.com/2015-01-30/172888885.html']}
2015-02-01 23:56:28+0800 [hexun] DEBUG: Scraped from <200 http://www.hexun.com/>
	{'title': [], 'url': []}
2015-02-01 23:56:28+0800 [hexun] DEBUG: Scraped from <200 http://www.hexun.com/>
	{'title': [u'\u8d27\u5e01\u653f\u7b56\u4e2d\u6027\u9002\u5ea6 \u503a\u5238\u5e02\u573a\u53cc\u5411\u632f\u8361'],
	 'url': [u'http://bond.hexun.com/2015-01-30/172927886.html']}
2015-02-01 23:56:28+0800 [hexun] DEBUG: Scraped from <200 http://www.hexun.com/>
	{'title': [u'\u4e45\u671f\u4e0e\u5229\u5dee\u4e58\u79ef\uff1a\u4fe1\u7528\u503a\u91cf\u5316\u5206\u6790\u65b0\u89c6\u89d2'],
	 'url': [u'http://bond.hexun.com/2015-01-30/172927997.html']}
2015-02-01 23:56:28+0800 [hexun] DEBUG: Scraped from <200 http://www.hexun.com/>
	{'title': [u'\u786e\u5b9a\u5730\u65b9\u653f\u5e9c\u503a\u52a1\u9650\u989d \u987b\u8003\u8651\u591a\u65b9\u9762\u56e0\u7d20'],
	 'url': [u'http://bond.hexun.com/2015-01-31/172931713.html']}
2015-02-01 23:56:28+0800 [hexun] DEBUG: Scraped from <200 http://www.hexun.com/>
	{'title': [u'\u4e1c\u98de\u503a\u8fdd\u7ea6\u7275\u51fa\u62c5\u4fdd\u7f57\u751f\u95e8 \u5b8c\u5584\u76d1\u7ba1\u52bf\u5728\u5fc5\u884c'],
	 'url': [u'http://bond.hexun.com/2015-01-31/172930923.html']}
2015-02-01 23:56:28+0800 [hexun] DEBUG: Scraped from <200 http://www.hexun.com/>
	{'title': [u'\u534e\u8c0a\u5609\u4fe1\u62df\u53d1\u4e0d\u8d855\u4ebf\u5143\u516c\u53f8\u503a \u671f\u9650\u4e0d\u8d85\u8fc75\u5e74'],
	 'url': [u'http://bond.hexun.com/2015-01-29/172886341.html']}
2015-02-01 23:56:28+0800 [hexun] DEBUG: Scraped from <200 http://www.hexun.com/>
	{'title': [u'\u878d\u8d44\u5439\u725b\u5927\u6218\uff1a\u878d\u8d44\u91d1\u989d\u540e\u9762\u90fd\u52a0\u4e2a0 '],
	 'url': [u'http://pe.hexun.com/',
	         u'http://pe.hexun.com/2015-01-31/172938781.html']}
2015-02-01 23:56:28+0800 [hexun] DEBUG: Scraped from <200 http://www.hexun.com/>
	{'title': [u'\u96f6\u4e03\u80a1\u4efd\u65a5\u8d444600\u4e07\u8bbe\u7acb\u98ce\u6295\u57fa\u91d1 \u52a0\u7801\u4e91\u8ba1\u7b97'],
	 'url': [u'http://stock.hexun.com/2015-01-31/172938722.html']}
2015-02-01 23:56:28+0800 [hexun] DEBUG: Scraped from <200 http://www.hexun.com/>
	{'title': [u'\u533b\u836f\u7535\u5546\u201c\u58f9\u836f\u7f51\u201d\u5ba3\u5e03\u5b8c\u62104.5\u4ebf\u5143C\u8f6e\u878d\u8d44'],
	 'url': [u'http://pe.hexun.com/2015-01-31/172938730.html']}
2015-02-01 23:56:28+0800 [hexun] DEBUG: Scraped from <200 http://www.hexun.com/>
	{'title': [u'\u8c01\u4f1a\u6210\u4e3a\u4e2d\u56fd\u7684\u9ad8\u76db\uff1a\u5238\u5546\u5e76\u8d2d\u53ea\u662f\u805a\u53d8\u5f00\u59cb'],
	 'url': [u'http://pe.hexun.com/2015-01-31/172938758.html',
	         u'javascript:void(0)']}
2015-02-01 23:56:28+0800 [hexun] DEBUG: Scraped from <200 http://www.hexun.com/>
	{'title': [], 'url': []}
2015-02-01 23:56:28+0800 [hexun] DEBUG: Scraped from <200 http://www.hexun.com/>
	{'title': [u'\u4f4f\u5b85\u8fc7\u5269\u6210\u65e5\u672c\u653f\u5e9c\u70e6\u5fc3\u4e8b'],
	 'url': [u'http://house.hexun.com/2015-01-30/172890477.html']}
2015-02-01 23:56:28+0800 [hexun] DEBUG: Scraped from <200 http://www.hexun.com/>
	{'title': [u'\u5ea6\u5047\u7f8e\u56fd\u4f11\u65af\u987f \u522b\u588518\u4e07\u8d77'],
	 'url': [u'http://house.hexun.com/2014/american2014/']}
2015-02-01 23:56:28+0800 [hexun] DEBUG: Scraped from <200 http://www.hexun.com/>
	{'title': [u'\u897f\u73ed\u725950\u4e07\u6b27\u5143\u4e70\u623f\u9001\u5c45\u7559'],
	 'url': [u'http://house.hexun.com/2013/zyspain/']}
2015-02-01 23:56:28+0800 [hexun] DEBUG: Scraped from <200 http://www.hexun.com/>
	{'title': [u'\u4ef2\u91cf\u8054\u884c\uff1a2014\u5e74\u4e2d\u56fd\u6d77\u5916\u623f\u5730\u4ea7\u6295\u8d44\u589e\u957f46%'],
	 'url': [u'http://house.hexun.com/2015-01-30/172891487.html']}
2015-02-01 23:56:28+0800 [hexun] DEBUG: Scraped from <200 http://www.hexun.com/>
	{'title': [u'\u62c5\u4fdd\u4eba\u80fd\u591f\u4e3a\u4f60\u7684\u6fb3\u6d32\u623f\u4ea7\u6295\u8d44\u5e26\u6765\u4ec0\u4e48\u4fbf\u5229'],
	 'url': [u'http://house.hexun.com/2015-01-22/172627987.html']}
2015-02-01 23:56:28+0800 [hexun] DEBUG: Scraped from <200 http://www.hexun.com/>
	{'title': [u'\u7f6e\u4e1a\u4e1c\u4eac\uff1a\u653f\u5e9c\u7ed9\u4e88\u8d37\u6b3e\u8d2d\u623f\u800530\u4e07\u5143\u8865\u8d34'],
	 'url': [u'http://house.hexun.com/2013/tokyo2013/']}
2015-02-01 23:56:28+0800 [hexun] DEBUG: Scraped from <200 http://www.hexun.com/>
	{'title': [u'\u6cd5\u56fd\u51fa\u4e70\u623f\u65b0\u653f\u7b56\uff1a33\u4e07\u6b27\u51c6\u5165 \u7b7e\u7f72\u5305\u79df\u534f\u8bae'],
	 'url': [u'http://house.hexun.com/2013/france2013/']}
2015-02-01 23:56:28+0800 [hexun] DEBUG: Scraped from <200 http://www.hexun.com/>
	{'title': [u'\u7f6e\u4e1a\u5357\u975e\uff1a\u6bcf\u4ea9\u5730\u4e0d\u52303\u4e07\u5143'],
	 'url': [u'http://house.hexun.com/list1/',
	         u'http://house.hexun.com/2013/zynanfei/']}
2015-02-01 23:56:28+0800 [hexun] DEBUG: Scraped from <200 http://www.hexun.com/>
	{'title': [], 'url': []}
2015-02-01 23:56:28+0800 [hexun] DEBUG: Scraped from <200 http://www.hexun.com/>
	{'title': [u'\u53a6\u95e8\u571f\u8c6a\u516c\u53f8\u53d1\u5e74\u7ec8\u5956 \u7adf\u7136\u52a8\u7528\u8fd0\u949e\u8f66\u8f7d'],
	 'url': [u'http://money.hexun.com/2015-02-01/172952364.html']}
2015-02-01 23:56:28+0800 [hexun] DEBUG: Scraped from <200 http://www.hexun.com/>
	{'title': [u'\u4e92\u8054\u7f51\u65f6\u4ee36\u5927\u65b9\u6cd5\u907f\u514d\u4f60\u7684\u4e2a\u4eba\u4fe1\u606f\u88ab\u76d7'],
	 'url': [u'http://money.hexun.com/2015-01-31/172939928_1.html']}
2015-02-01 23:56:28+0800 [hexun] DEBUG: Scraped from <200 http://www.hexun.com/>
	{'title': [u'\u901a\u8d27\u7d27\u7f29\u5371\u673a \u4e2d\u56fd\u623f\u5b50\u5df2\u5230\u5957\u73b0\u6700\u540e\u65f6\u673a '],
	 'url': [u'http://money.hexun.com/2015-01-31/172940514_1.html']}
2015-02-01 23:56:28+0800 [hexun] DEBUG: Scraped from <200 http://www.hexun.com/>
	{'title': [u'\u84dd\u9886\u4e2d\u4ea7\u9636\u7ea7 \u4e2d\u56fd\u4eba\u5f88\u5feb\u4f1a\u6324\u7834\u5934\u4e89\u505a\u519c\u6c11 '],
	 'url': [u'http://money.hexun.com/2015-01-31/172940559_1.html']}
2015-02-01 23:56:28+0800 [hexun] DEBUG: Scraped from <200 http://www.hexun.com/>
	{'title': [u'\u51fa\u4e0d\u4e86\u56fd\u7684\u4e2d\u56fd\u4eba\u600e\u6837\u5e94\u5bf9\u5373\u5c06\u5230\u6765\u7684\u8d44\u4ea7\u6ce1\u6cab'],
	 'url': [u'http://money.hexun.com/2015-01-31/172940602_1.html']}
2015-02-01 23:56:28+0800 [hexun] DEBUG: Scraped from <200 http://www.hexun.com/>
	{'title': [u'\u7f34\u4e86\u8fd9\u4e48\u591a\u5e74\u517b\u8001\u4fdd\u9669 \u9000\u4f11\u540e\u4e00\u4e2a\u6708\u80fd\u62ff\u591a\u5c11\u94b1'],
	 'url': [u'http://money.hexun.com/2015-01-31/172939364.html']}
2015-02-01 23:56:28+0800 [hexun] DEBUG: Scraped from <200 http://www.hexun.com/>
	{'title': [u'\u76d1\u7ba1\u8d8b\u4e25\u81f4A\u80a1\u6301\u7eed\u56de\u8c03 \u63a5\u4e0b\u6765\u4f60\u7684\u94b1\u8be5\u6295\u5411\u54ea'],
	 'url': [u'http://money.hexun.com/2015-01-31/172939445.html']}
2015-02-01 23:56:28+0800 [hexun] DEBUG: Scraped from <200 http://www.hexun.com/>
	{'title': [u'|',
	           u'\u5e74\u516520\u4e07 85\u540e\u5bb6\u5ead\u5982\u4f55\u5b9e\u73b0\u5728\u4eac\u8d2d\u623f'],
	 'url': [u'http://lcal.money.hexun.com/',
	         u'http://money.hexun.com/2015-01-31/172939545.html']}
2015-02-01 23:56:28+0800 [hexun] DEBUG: Scraped from <200 http://www.hexun.com/>
	{'title': [u'|',
	           u'\u4fe1\u6258\u89c4\u6a21\u8fd114\u4e07\u4ebf \u4eba\u5747\u5229\u6da6\u9996\u5ea6\u8d1f\u589e\u957f'],
	 'url': [u'http://trust.hexun.com/',
	         u'http://trust.hexun.com/2015-01-31/172932778.html']}
2015-02-01 23:56:28+0800 [hexun] DEBUG: Scraped from <200 http://www.hexun.com/>
	{'title': [], 'url': []}
2015-02-01 23:56:28+0800 [hexun] DEBUG: Scraped from <200 http://www.hexun.com/>
	{'title': [u'\u5a31\u4e50\u5708\u540c\u6027\u604b\u5927\u63ed\u79d8\uff01'],
	 'url': [u'http://hexun.gq.com.cn/celebrity/album_17443860df72cc5c.html?utm_source=hexun.com&utm_medium=syn_OG&utm_content=home_lux&utm_campaign=regular']}
2015-02-01 23:56:28+0800 [hexun] DEBUG: Scraped from <200 http://www.hexun.com/>
	{'title': [u'\u9648\u8d6b\u5206\u624b\u4fe1\u88ab\u6279\u5f88\u5e7c\u7a1a'],
	 'url': [u'http://hexun.gq.com.cn/celebrity/album_1644d01604c36c95.html?utm_source=hexun.com&utm_medium=syn_OG&utm_content=home_lux&utm_campaign=regular']}
2015-02-01 23:56:28+0800 [hexun] DEBUG: Scraped from <200 http://www.hexun.com/>
	{'title': [u'\u4f55\u7085\u4f17\u7b79\u5904\u5973\u5ea7\u4e3b\u89d2\u540d'],
	 'url': [u'http://hexun.gq.com.cn/topic/album_1312307d50bc3357.html?utm_source=hexun.com&utm_medium=syn_OG&utm_content=home_lux&utm_campaign=regular']}
2015-02-01 23:56:28+0800 [hexun] DEBUG: Scraped from <200 http://www.hexun.com/>
	{'title': [u'\u8d1d\u514b\u6c49\u59c6\u6f14\u7ece\u7537\u88c5\u578b\u5f55',
	           u'\u53f2\u4e0a\u7ec5\u58eb\u7279\u5de5\u5355\u54c1\u6536\u5f55 '],
	 'url': [u'http://hexun.gq.com.cn/fashion/trends/pic_1442cb7ae642bdd3.html?utm_source=hexun.com&utm_medium=syn_OG&utm_content=home_lux&utm_campaign=regular',
	         u'http://hexun.gq.com.cn/fashion/item/album_1724685c7dacc6da.html?utm_source=hexun.com&utm_medium=syn_OG&utm_content=home_lux&utm_campaign=regular']}
2015-02-01 23:56:28+0800 [hexun] DEBUG: Scraped from <200 http://www.hexun.com/>
	{'title': [u'\u4f55\u5bb6\u9a79\u79bb\u4e16\u53d1\u54e5\u53f9\u53ef\u60dc',
	           u'\u6709\u8fdd\u4e54\u5e03\u65af\u610f\u613f\u7684\u6539\u8fdb'],
	 'url': [u'http://hexun.gq.com.cn/celebrity/album_15433031c8e24af6.html?utm_source=hexun.com&utm_medium=syn_OG&utm_content=home_lux&utm_campaign=regular',
	         u'http://hexun.gq.com.cn/digital/news_102gf5c49da79a38.html?utm_source=hexun.com&utm_medium=syn_OG&utm_content=home_lux&utm_campaign=regular']}
2015-02-01 23:56:28+0800 [hexun] DEBUG: Scraped from <200 http://www.hexun.com/>
	{'title': [u'IT\u7537\u53d8\u8eab\u65c5\u884c\u6444\u5f71\u5e08',
	           u'\u660e\u661f\u4eec\u5728\u673a\u573a\u8fd9\u6837\u800d\u9177'],
	 'url': [u'http://hexun.cntraveler.com.cn/article/pic_19359bf0c3bda0af.shtml?utm_source=hexun.com&utm_medium=syn_OG&utm_content=home_lux&utm_campaign=regular',
	         u'http://hexun.cntraveler.com.cn/news/tip/pic_131230784e7085a2.shtml?utm_source=hexun.com&utm_medium=syn_OG&utm_content=home_lux&utm_campaign=regular']}
2015-02-01 23:56:28+0800 [hexun] DEBUG: Scraped from <200 http://www.hexun.com/>
	{'title': [u'\u5982\u4f55\u8d76\u8d70\u5934\u53d1\u9759\u7535',
	           u'\u725b\u4ed4\u88e4\u5de7\u7a7f\u5851\u9020\u7fd8\u81c0'],
	 'url': [u'http://hexun.self.com.cn/beauty/hairstyle/news_1211d34376602582.html?utm_source=hexun.com&utm_medium=syn_OG&utm_content=home_lux&utm_campaign=regular',
	         u'http://hexun.self.com.cn/fashion/items/news_18256267fa90fa88.html?utm_source=hexun.com&utm_medium=syn_OG&utm_content=home_lux&utm_campaign=regular']}
2015-02-01 23:56:28+0800 [hexun] DEBUG: Scraped from <200 http://www.hexun.com/>
	{'title': [u'\u672c\u6708\u661f\u5ea7\u8fd0\u52bf\u53d8\u6570\u5927',
	           u'\u5973\u540c\u4e8b\u7b11\u5bb9\u80cc\u540e\u7684\u6df1\u610f'],
	 'url': [u'http://hexun.self.com.cn/life/balance/news_1955659f973b1d8f.html?utm_source=hexun.com&utm_medium=syn_OG&utm_content=home_lux&utm_campaign=regular',
	         u'http://hexun.self.com.cn/life/balance/news_154329f324a6c967.html?utm_source=hexun.com&utm_medium=syn_OG&utm_content=home_lux&utm_campaign=regular']}
2015-02-01 23:56:28+0800 [hexun] DEBUG: Scraped from <200 http://www.hexun.com/>
	{'title': [u'\u653b\u7834\u6210\u529f\u5973\u6027\u7684\u638c\u63a7\u6b32 ',
	           u'\u8ba9\u4eba\u8214\u5c4f\u7684\u7f8e\u98df\u7f51\u7ad9'],
	 'url': [u'http://9.self.com.cn/topic/1037161?utm_source=hexun.com&utm_medium=syn_OG&utm_content=home_lux&utm_campaign=regular',
	         u'http://hexun.self.com.cn/life/hedonic/pic_114g3d8f5eac6a08.html?utm_source=hexun.com&utm_medium=syn_OG&utm_content=home_lux&utm_campaign=regular']}
2015-02-01 23:56:28+0800 [hexun] DEBUG: Scraped from <200 http://www.hexun.com/>
	{'title': [], 'url': []}
2015-02-01 23:56:28+0800 [hexun] DEBUG: Scraped from <200 http://www.hexun.com/>
	{'title': [u'\u7f8e\u519b\u8ba9\u4eba\u55b7\u996d\u7684\u5341\u5927\u7b11\u8bdd'],
	 'url': [u'http://book.hexun.com/2015-01-31/172941249.html']}
2015-02-01 23:56:28+0800 [hexun] DEBUG: Scraped from <200 http://www.hexun.com/>
	{'title': [u'\u65e5\u672c\u5929\u7687\u51ed\u4f55\u8bf4\u670d\u56fd\u6c11\u6295\u964d'],
	 'url': [u'http://book.hexun.com/2015-01-31/172941262.html']}
2015-02-01 23:56:28+0800 [hexun] DEBUG: Scraped from <200 http://www.hexun.com/>
	{'title': [u'\u51b7\u6218\u65f6\u4e2d\u60c5\u5c40\u8bad\u7ec3\u52a8\u7269\u95f4\u8c0d'],
	 'url': [u'http://book.hexun.com/2015-01-31/172941391.html']}
2015-02-01 23:56:28+0800 [hexun] DEBUG: Scraped from <200 http://www.hexun.com/>
	{'title': [u'\u5f20\u52cb\u590d\u8f9f\u65f6\u5eb7\u6709\u4e3a\u6b32\u5f53\u5bb0\u76f8\uff1a\u56e0\u65e0\u80e1\u5b50\u88ab\u62d2 '],
	 'url': [u'http://book.hexun.com/2015-01-31/172941286.html']}
2015-02-01 23:56:28+0800 [hexun] DEBUG: Scraped from <200 http://www.hexun.com/>
	{'title': [u'\u5eb7\u751f\u5ef6\u5b89\u6574\u98ce\u6807\u51c6\uff1a\u957f\u8fd9\u4e48\u6f02\u4eae\u5b9a\u662f\u7279\u52a1'],
	 'url': [u'http://book.hexun.com/2015-01-31/172941350.html']}
2015-02-01 23:56:28+0800 [hexun] DEBUG: Scraped from <200 http://www.hexun.com/>
	{'title': [u'\u7b2c\u56db\u6d88\u8d39\u65f6\u4ee3',
	           u'\u4e2d\u65e5\u767e\u5e74\u8f83\u91cf\u7684\u80cc\u540e',
	           u'\u516b\u5366\u827a\u672f\u53f2'],
	 'url': [u'http://data.book.hexun.com/book-19289.shtml',
	         u'http://data.book.hexun.com/book-19288.shtml',
	         u'http://data.book.hexun.com/book-19287.shtml']}
2015-02-01 23:56:28+0800 [hexun] DEBUG: Scraped from <200 http://www.hexun.com/>
	{'title': [u'\u7b11\u50b2\u80a1\u5e02\u6c5f\u6e56\u7684\u72ec\u95e8\u79d8\u7c4d',
	           u'\u8001\u6881\u6570\u82f1\u96c4',
	           u'\u738b\u8005\u65e0\u754f'],
	 'url': [u'http://data.book.hexun.com/book-19274.shtml',
	         u'http://data.book.hexun.com/book-19291.shtml',
	         u'http://data.book.hexun.com/book-19245.shtml']}
2015-02-01 23:56:28+0800 [hexun] DEBUG: Scraped from <200 http://www.hexun.com/>
	{'title': [u'\u8d22\u7ecf',
	           u'\u5c0f\u8bf4',
	           u'\u5386\u53f2',
	           u'\u793e\u79d1',
	           u'\u4f20\u8bb0',
	           u'\u6587\u5b66',
	           u'\u79d1\u6280'],
	 'url': [u'http://data.book.hexun.com/categorys.aspx',
	         u'http://data.book.hexun.com/category-1.shtml',
	         u'http://data.book.hexun.com/category-10.shtml',
	         u'http://data.book.hexun.com/category-3.shtml',
	         u'http://data.book.hexun.com/category-2.shtml',
	         u'http://data.book.hexun.com/category-30.shtml',
	         u'http://data.book.hexun.com/category-11.shtml',
	         u'http://data.book.hexun.com/category-33.shtml']}
2015-02-01 23:56:28+0800 [hexun] DEBUG: Scraped from <200 http://www.hexun.com/>
	{'title': [u'\u90dd\u4e00\u751f\uff1a\u4e2d\u65e5\u767e\u5e74\u8f83\u91cf\u80cc\u540e\u8d44\u672c\u903b\u8f91'],
	 'url': [u'http://book.hexun.com/2013/caijingshuhua/index.html',
	         u'http://book.hexun.com/2015/caijingshuhua020/index.html']}
2015-02-01 23:56:28+0800 [hexun] DEBUG: Scraped from <200 http://www.hexun.com/>
	{'title': [], 'url': []}
2015-02-01 23:56:28+0800 [hexun] DEBUG: Scraped from <200 http://www.hexun.com/>
	{'title': [u'\u5927\u4f17\u70b9\u8bc4\u8981\u5728\u9ad8\u901f\u6362\u80ce\u540e\u8dd12015'],
	 'url': [u'http://bschool.hexun.com/2015-01-31/172941600.html']}
2015-02-01 23:56:28+0800 [hexun] DEBUG: Scraped from <200 http://www.hexun.com/>
	{'title': [u'\u521d\u521b\u516c\u53f8\u5982\u4f55\u634d\u536b\u5546\u6807\u6743'],
	 'url': [u'http://bschool.hexun.com/2015-01-31/172941547.html']}
2015-02-01 23:56:28+0800 [hexun] DEBUG: Scraped from <200 http://www.hexun.com/>
	{'title': [u'\u6625\u8282\u5047\u671f\u79fb\u52a8\u5e7f\u544a\u600e\u4e48\u73a9\u513f'],
	 'url': [u'http://bschool.hexun.com/2015-01-31/172941535.html']}
2015-02-01 23:56:28+0800 [hexun] DEBUG: Scraped from <200 http://www.hexun.com/>
	{'title': [u'\u4e92\u8054\u7f51\uff1a\u4f20\u7edfKTV\u522b\u7aef\u7740\u4e86 \u8ba9\u6211\u4eec\u4e00\u8d77\u5531\u55e8'],
	 'url': [u'http://bschool.hexun.com/2015-01-31/172941507.html']}
2015-02-01 23:56:28+0800 [hexun] DEBUG: Scraped from <200 http://www.hexun.com/>
	{'title': [u'\u4f20\u7edf\u76d1\u7ba1\u5728\u4e92\u8054\u7f51\u65f6\u4ee3\u6b63\u9762\u4e34\u7740\u524d\u6240\u672a\u6709\u7684\u6311\u6218 '],
	 'url': [u'http://bschool.hexun.com/2015-01-31/172941608.html']}
2015-02-01 23:56:28+0800 [hexun] DEBUG: Scraped from <200 http://www.hexun.com/>
	{'title': [u'\u8fd930\u5bb6\u56fd\u9645\u79fb\u52a8\u5065\u5eb7\u533b\u7597\u521b\u4e1a\u516c\u53f8\u5f88\u503c\u5f97\u671f\u5f85 '],
	 'url': [u'http://bschool.hexun.com/2015-01-31/172941639.html']}
2015-02-01 23:56:28+0800 [hexun] DEBUG: Scraped from <200 http://www.hexun.com/>
	{'title': [u'\u5c0f\u8bf4\uff1a\u6211\u4f20',
	           u'\u4e07\u79d1\u903b\u8f91\uff1a\u4ece100\u4ebf\u52302000\u4ebf\u7684\u79d8\u5bc6'],
	 'url': [u'http://data.book.hexun.com/book-19310.shtml',
	         u'http://data.book.hexun.com/book-19312.shtml']}
2015-02-01 23:56:28+0800 [hexun] DEBUG: Scraped from <200 http://www.hexun.com/>
	{'title': [u'\u7834\u8bd1\u9ed1\u5929\u9e45\uff1a\u5982\u4f55\u5e94\u5bf9\u672a\u676515\u5e74\u7684\u5546\u4e1a\u5de8\u53d8'],
	 'url': [u'http://data.book.hexun.com/book-19311.shtml']}
2015-02-01 23:56:28+0800 [hexun] DEBUG: Scraped from <200 http://www.hexun.com/>
	{'title': [u'\u5723\u6bcd\u5927\u5b66\uff1a\u4f60\u4e3a\u4ec0\u4e48\u800c\u594b\u6597'],
	 'url': [u'http://tv.hexun.com/2011/course/',
	         u'http://tv.hexun.com/2011/course/',
	         u'http://tv.hexun.com/struggle/']}
2015-02-01 23:56:28+0800 [hexun] DEBUG: Scraped from <200 http://www.hexun.com/>
	{'title': [], 'url': []}
2015-02-01 23:56:28+0800 [hexun] DEBUG: Scraped from <200 http://www.hexun.com/>
	{'title': [u'\u9178\u679d\uff1a\u7ea2\u6728\u6536\u85cf\u7684\u65b0\u7126\u70b9'],
	 'url': [u'http://shoucang.hexun.com/2015-01-31/172942075.html']}
2015-02-01 23:56:28+0800 [hexun] DEBUG: Scraped from <200 http://www.hexun.com/>
	{'title': [u'\u56fe\u5766\u5361\u95e8\u9762\u5177\u4fee\u590d\u4eba\u5458\u8c03\u79bb'],
	 'url': [u'http://shoucang.hexun.com/2015-01-31/172942056.html']}
2015-02-01 23:56:28+0800 [hexun] DEBUG: Scraped from <200 http://www.hexun.com/>
	{'title': [u'\u5316\u8eab\u6768\u5b50\u8363\u53bb\u96ea\u4e61\u5927\u95f9\u5a01\u864e\u5c71 '],
	 'url': [u'http://travel.hexun.com/2015-01-31/172941964.html']}
2015-02-01 23:56:28+0800 [hexun] DEBUG: Scraped from <200 http://www.hexun.com/>
	{'title': [u'\u300a\u4f55\u4ee5\u7b19\u7bab\u9ed8\u300b\u91cc\u90a3\u4e9b\u60c5\u8c03\u6ee1\u6ee1\u7684\u5c0f\u8d44\u9910\u5385'],
	 'url': [u'http://travel.hexun.com/2015-01-31/172941888.html']}
2015-02-01 23:56:28+0800 [hexun] DEBUG: Scraped from <200 http://www.hexun.com/>
	{'title': [u'\u96ea\u8272\u6d6a\u6f2b \u6765\u4eac\u57ce\u4e03\u5927\u7edd\u7f8e\u8d4f\u96ea\u5730\u5171\u8c31\u51ac\u65e5\u604b\u6b4c'],
	 'url': [u'http://travel.hexun.com/2015-01-31/172942018.html']}
2015-02-01 23:56:28+0800 [hexun] DEBUG: Scraped from <200 http://www.hexun.com/>
	{'title': [u'\u753b\u575b\u5927\u5e08\u6709\u5c0f\u6e05\u65b0\uff1a700\u4ef6\u6c34\u5f69\u5448\u73b0\u767e\u5e74\u5386\u7a0b'],
	 'url': [u'http://shoucang.hexun.com/2015-01-31/172942078.html']}
2015-02-01 23:56:28+0800 [hexun] DEBUG: Scraped from <200 http://www.hexun.com/>
	{'title': [u'\u4ece\u672a\u89c1\u8fc7\u7684\u6bdb\u6cfd\u4e1c',
	           u'\u5b5f\u826f\u5d2e\u6218\u5f79\u5168\u666f\u5448\u73b0'],
	 'url': [u'http://book.hexun.com/',
	         u'http://book.hexun.com/2015-01-30/172906996.html',
	         u'http://book.hexun.com/2015-01-30/172906870.html']}
2015-02-01 23:56:28+0800 [hexun] DEBUG: Scraped from <200 http://www.hexun.com/>
	{'title': [u'\u65e5\u672c\u65e9\u671f\u6e05\u7eaf\u6d3e\u5973\u795e',
	           u'\u54c8\u54c8\u955c\u524d\u641e\u7b11\u7684\u5973\u795e'],
	 'url': [u'http://book.hexun.com/pic/',
	         u'http://book.hexun.com/2015-01-30/172912088.html',
	         u'http://book.hexun.com/2015-01-30/172912169.html']}
2015-02-01 23:56:28+0800 [hexun] DEBUG: Scraped from <200 http://www.hexun.com/>
	{'title': [u'\u63ed\u79d8\u5b8b\u7f8e\u9f84\u5a5a\u524d\u7684\u6c42\u804c\u751f\u6daf \u66fe\u4efb\u82f1\u8bed\u8001\u5e08'],
	 'url': [u'http://book.hexun.com/pic/',
	         u'http://book.hexun.com/2015-01-30/172912038.html']}
2015-02-01 23:56:28+0800 [hexun] DEBUG: Scraped from <200 http://www.hexun.com/>
	{'title': [u'\u6293\u4f4f\u673a\u9047 \u6309\u4e0b\u6df1\u5316\u6539\u9769\u201c\u5feb\u8fdb\u952e\u201d'],
	 'url': [u'http://fujian.hexun.com/',
	         u'http://fujian.hexun.com/2015-01-30/172903534.html']}
2015-02-01 23:56:28+0800 [hexun] DEBUG: Scraped from <200 http://www.hexun.com/>
	{'title': [u'\u516c\u79ef\u91d1\u79df\u623f\u6761\u4ef6\u653e\u5bbd \u90d1\u5dde\u76ee\u524d\u4e0d\u6267\u884c'],
	 'url': [u'http://henan.hexun.com/',
	         u'http://henan.hexun.com/2015-01-30/172910197.html']}
2015-02-01 23:56:28+0800 [hexun] DEBUG: Scraped from <200 http://www.hexun.com/>
	{'title': [u'\u5982\u4f55\u770b\u5f852015\u5e74\u56db\u5ddd\u7ecf\u6d4e\u9884\u671f\u589e\u957f7.5%\uff1f'],
	 'url': [u'http://sichuan.hexun.com/',
	         u'http://sichuan.hexun.com/2015-01-30/172892847.html']}
2015-02-01 23:56:28+0800 [hexun] DEBUG: Scraped from <200 http://www.hexun.com/>
	{'title': [u'\u6e56\u5357\u6295\u5343\u4ebf\u9020\u767e\u57ce\u5343\u9547\u53bf\u4e61\u6d41\u901a\u518d\u9020\u5de5\u7a0b'],
	 'url': [u'http://hunan.hexun.com/',
	         u'http://hunan.hexun.com/2015-01-30/172904915.html']}
2015-02-01 23:56:28+0800 [hexun] DEBUG: Scraped from <200 http://www.hexun.com/>
	{'title': [u'\u4e2d\u56fd\u8d22\u7ecf\u98ce\u4e91\u699c\u6c5f\u82cf\u83b7\u5956\u4f01\u4e1a/\u4eba\u7269\u699c\u5355'],
	 'url': [u'http://jiangsu.hexun.com/',
	         u'http://jiangsu.hexun.com/2015/cjfybjsll/']}
2015-02-01 23:56:28+0800 [hexun] DEBUG: Scraped from <200 http://www.hexun.com/>
	{'title': [u'\u6e56\u5317\u4eca\u5e74\u4e8c\u5b63\u5ea6\u542f\u52a8\u4e0d\u52a8\u4ea7\u767b\u8bb0'],
	 'url': [u'http://hubei.hexun.com/',
	         u'http://house.hexun.com/2015-01-30/172890405.html']}
2015-02-01 23:56:28+0800 [hexun] DEBUG: Scraped from <200 http://www.hexun.com/>
	{'title': [u'\u56ed\u533a\u65b0\u8d70\u5411\u7684\u4ee3\u8868\uff1a\u4e1c\u65b9\u4e4b\u95e8'],
	 'url': [u'http://suzhou.house.hexun.com/',
	         u'http://suzhou.house.hexun.com/2015-01-14/172363678.html']}
2015-02-01 23:56:28+0800 [hexun] DEBUG: Scraped from <200 http://www.hexun.com/>
	{'title': [u'Morden Fashion SIP\u6587\u5316\u98ce\u5c1a\u4e4b\u57ce'],
	 'url': [u'http://suzhou.house.hexun.com/',
	         u'http://suzhou.house.hexun.com/2015-01-23/172682660.html']}
2015-02-01 23:56:28+0800 [hexun] DEBUG: Scraped from <200 http://www.hexun.com/>
	{'title': [u'\u652f\u6301\u4f4f\u623f\u6d88\u8d39 \u56db\u5ddd\u5c06\u53d6\u6d88\u5404\u7c7b\u884c\u653f\u9650\u5236'],
	 'url': [u'http://sc.house.hexun.com/',
	         u'http://sc.house.hexun.com/2015-01-30/172903618.html']}
2015-02-01 23:56:28+0800 [hexun] DEBUG: Scraped from <200 http://www.hexun.com/>
	{'title': [u'\u8282\u524d\u8d2d\u623f\u9700\u6c42\u91ca\u653e \u65b0\u623f\u6210\u4ea4\u91cf\u4e0a\u6da813%'],
	 'url': [u'http://sc.house.hexun.com/',
	         u'http://sc.house.hexun.com/2015-01-30/172903539.html']}
2015-02-01 23:56:28+0800 [hexun] DEBUG: Scraped from <200 http://www.hexun.com/>
	{'title': [u'\u9648\u51cc\uff1a\u5bb6\u65cf\u53ef\u6210\u4e3a\u4f01\u4e1a\u6838\u5fc3\u7ade\u4e89\u529b'],
	 'url': [u'http://media.hexun.com/zgjjb/index.html',
	         u'http://news.hexun.com/2015-01-30/172930517.html']}
2015-02-01 23:56:28+0800 [hexun] DEBUG: Scraped from <200 http://www.hexun.com/>
	{'title': [u'\u5e95\u7ebf\u4e0d\u53d8\u519c\u5730\u6539\u9769\u7ee7\u7eed"\u589e\u51cf\u6302\u94a9"'],
	 'url': [u'http://media.hexun.com/jjgcb/index.html',
	         u'http://news.hexun.com/2015-01-31/172930782.html']}
2015-02-01 23:56:28+0800 [hexun] DEBUG: Scraped from <200 http://www.hexun.com/>
	{'title': [u'\u5f03\u5987\u53d8\u5ba0\u5983\u5218\u76ca\u8c26\u56de\u56fd\u534e\u4eba\u5bff\u906d\u8d28\u7591'],
	 'url': [u'http://media.hexun.com/',
	         u'http://insurance.hexun.com/2015-01-30/172929987.html']}
2015-02-01 23:56:28+0800 [hexun] DEBUG: Scraped from <200 http://www.hexun.com/>
	{'title': [u'\u52a0\u5de5\u4f01\u4e1a\u4e8f\u635f\u91cd\u4ebf\u5428\u7389\u7c73\u5e93\u5b58\u5830\u585e\u6e56'],
	 'url': [u'http://media.hexun.com/hxsb/index.html',
	         u'http://news.hexun.com/2015-01-30/172929749.html']}
2015-02-01 23:56:28+0800 [hexun] DEBUG: Scraped from <200 http://www.hexun.com/>
	{'title': [u'\u65b0\u80a1\u653e\u884c\u52a0\u5feb 24\u5bb6\u4f01\u4e1a\u6628\u83b7IPO\u6279\u6587'],
	 'url': [u'http://media.hexun.com/zqrb/index.html',
	         u'http://stock.hexun.com/2015-01-31/172933411.html']}
2015-02-01 23:56:28+0800 [hexun] DEBUG: Scraped from <200 http://www.hexun.com/>
	{'title': [u'\u4eba\u6c11\u5e01\u5bf9\u7f8e\u5143\u6c47\u7387\u4e2d\u95f4\u4ef7\u7ee7\u7eed\u4e0b\u8dcc'],
	 'url': [u'http://media.hexun.com/shzqb/index.html',
	         u'http://forex.hexun.com/2015-01-31/172932961.html']}
2015-02-01 23:56:28+0800 [hexun] DEBUG: Scraped from <200 http://www.hexun.com/>
	{'title': [u'\u6839\u672c\u903b\u8f91\u672a\u53d8 \u9707\u8361\u4e0d\u6539\u201c\u725b\u5fc3\u201d'],
	 'url': [u'http://media.hexun.com/zgzqb/index.html',
	         u'http://stock.hexun.com/2015-01-31/172933097.html']}
2015-02-01 23:56:28+0800 [hexun] DEBUG: Scraped from <200 http://www.hexun.com/>
	{'title': [u'\u9ad8\u5c14\u592b\u7403\u4f1a\u5458\u5361\u662f\u4e0b\u4e00\u4e2a\u6ce1\u6cab\uff1f'],
	 'url': [u'http://media.hexun.com/dycjrb/index.html',
	         u'http://news.hexun.com/2015-01-30/172890453.html']}
2015-02-01 23:56:28+0800 [hexun] DEBUG: Scraped from <200 http://www.hexun.com/>
	{'title': [u'\u56de\u8d2d\u5546\u54c1\u623f\u5145\u5f53\u4fdd\u969c\u623f\u770b\u7740\u5f88\u7f8e'],
	 'url': [u'http://media.hexun.com/mrjjxw/index.html',
	         u'http://house.hexun.com/2015-01-30/172888059.html']}
2015-02-01 23:56:28+0800 [hexun] DEBUG: Scraped from <200 http://www.hexun.com/>
	{'title': [u'\u676d\u5dde\u4e0e\u4e2d\u56fd\u7845\u8c37\u7684\u8ddd\u79bb\u5728\u7ec6\u8282'],
	 'url': [u'http://media.hexun.com/21sjbd/index.html',
	         u'http://news.hexun.com/2015-01-31/172931720.html']}
2015-02-01 23:56:28+0800 [hexun] DEBUG: Scraped from <200 http://www.hexun.com/>
	{'title': [u'\u7b2c12\u5c4a\u4e2d\u56fd\u98ce\u4e91\u699c\u4e92\u8054\u7f51\u91d1\u878d\u5206\u8bba\u575b'],
	 'url': [u'http://iof.hexun.com/2014/cjfyb/']}
2015-02-01 23:56:28+0800 [hexun] DEBUG: Scraped from <200 http://www.hexun.com/>
	{'title': [u'\u7b2c12\u5c4a\u4e2d\u56fd\u98ce\u4e91\u699c\u8bc1\u5238\u5206\u8bba\u575b'],
	 'url': [u'http://stock.hexun.com/2014/zqfyb2014/']}
2015-02-01 23:56:28+0800 [hexun] DEBUG: Scraped from <200 http://www.hexun.com/>
	{'title': [u'\u7b2c12\u5c4a\u4e2d\u56fd\u98ce\u4e91\u699c\u4fdd\u9669\u5206\u8bba\u575b'],
	 'url': [u'http://insurance.hexun.com/2015/bxflt/']}
2015-02-01 23:56:28+0800 [hexun] DEBUG: Scraped from <200 http://www.hexun.com/>
	{'title': [u'\u7b2c12\u5c4a\u4e2d\u56fd\u98ce\u4e91\u699c\u94f6\u884c\u5206\u8bba\u575b'],
	 'url': [u'http://bank.hexun.com/2014/fybyh/index.html']}
2015-02-01 23:56:28+0800 [hexun] DEBUG: Scraped from <200 http://www.hexun.com/>
	{'title': [u'\u7b2c12\u5c4a\u4e2d\u56fd\u8d22\u7ecf\u98ce\u4e91\u699c\u66a8\u8d22\u7ecf\u4e2d\u56fd2014\u5e74\u4f1a'],
	 'url': [u'http://news.hexun.com/2014/2014cjfyb/ ']}
2015-02-01 23:56:28+0800 [hexun] DEBUG: Scraped from <200 http://www.hexun.com/>
	{'title': [u'\u548c\u8baf\u7f51\u9648\u5251\u5cf0\uff1a\u91d1\u94a5\u5319\u4ff1\u4e50\u90e8\u7406\u5ff5\u4e3a\u6295\u7f18\u3001\u6295\u667a\u3001\u6295\u8d44'],
	 'url': [u'http://news.hexun.com/2014-09-08/168271394.html']}
2015-02-01 23:56:28+0800 [hexun] DEBUG: Scraped from <200 http://www.hexun.com/>
	{'title': [u'\u201c\u548c\u8baf\u64cd\u76d8\u5b9d\u201d\u4e0e\u4e2d\u56fd\u7535\u4fe1\u7ffc\u652f\u4ed8\u6218\u7565\u5408\u4f5c\u53d1\u5e03\u4f1a'],
	 'url': [u'http://cpb.hexun.com/article/detail_26.html']}
2015-02-01 23:56:28+0800 [hexun] DEBUG: Scraped from <200 http://www.hexun.com/>
	{'title': [u'\u548c\u8baf\u7f51\u9996\u9875\u201c\u53d8\u8138\u201d \u5c0f\u6e05\u65b0\u80cc\u540e\u7684\u5927\u7528\u610f'],
	 'url': [u'http://news.hexun.com/2014-08-06/167295529.html']}
2015-02-01 23:56:28+0800 [hexun] DEBUG: Scraped from <200 http://www.hexun.com/>
	{'title': [u'\u56fd\u5185\u79fb\u52a8\u4e92\u8054\u7f51\u8425\u9500\u5c55\u9732\u5934\u89d2 \u548c\u8baf\u8d22\u7ecfAPP\u4e89\u5148'],
	 'url': [u'http://tech.hexun.com/2014-08-01/167192412.html']}
2015-02-01 23:56:28+0800 [hexun] DEBUG: Scraped from <200 http://www.hexun.com/>
	{'title': [u'\u5782\u76f4\u95e8\u6237\u6362\u73a9\u6cd5:\u548c\u8baf\u7f51\u5f03\u6d77\u91cf\u63a8\u7cbe\u54c1'],
	 'url': [u'http://news.hexun.com/2014-05-06/164533167.html']}
2015-02-01 23:56:28+0800 [hexun] INFO: Closing spider (finished)
2015-02-01 23:56:28+0800 [hexun] INFO: Dumping Scrapy stats:
	{'downloader/request_bytes': 212,
	 'downloader/request_count': 1,
	 'downloader/request_method_count/GET': 1,
	 'downloader/response_bytes': 48154,
	 'downloader/response_count': 1,
	 'downloader/response_status_count/200': 1,
	 'finish_reason': 'finished',
	 'finish_time': datetime.datetime(2015, 2, 1, 15, 56, 28, 333631),
	 'item_scraped_count': 248,
	 'log_count/DEBUG': 251,
	 'log_count/INFO': 7,
	 'response_received_count': 1,
	 'scheduler/dequeued': 1,
	 'scheduler/dequeued/memory': 1,
	 'scheduler/enqueued': 1,
	 'scheduler/enqueued/memory': 1,
	 'start_time': datetime.datetime(2015, 2, 1, 15, 56, 27, 361471)}
2015-02-01 23:56:28+0800 [hexun] INFO: Spider closed (finished)
